        -:    0:Source:C:/Users/esipo/CLionProjects/OOP/lab2/HTML_Decode/cmake-build-debug-coverage/_deps/googletest-src/googletest/src/gtest.cc
        -:    0:Graph:C:\Users\esipo\CLionProjects\OOP\lab2\HTML_Decode\cmake-build-debug-coverage\_deps\googletest-build\googletest\CMakeFiles\gtest.dir\src\gtest-all.cc.gcno
        -:    0:Data:C:\Users\esipo\CLionProjects\OOP\lab2\HTML_Decode\cmake-build-debug-coverage\_deps\googletest-build\googletest\CMakeFiles\gtest.dir\src\gtest-all.cc.gcda
        -:    0:Runs:1
        -:    1:// Copyright 2005, Google Inc.
        -:    2:// All rights reserved.
        -:    3://
        -:    4:// Redistribution and use in source and binary forms, with or without
        -:    5:// modification, are permitted provided that the following conditions are
        -:    6:// met:
        -:    7://
        -:    8://     * Redistributions of source code must retain the above copyright
        -:    9:// notice, this list of conditions and the following disclaimer.
        -:   10://     * Redistributions in binary form must reproduce the above
        -:   11:// copyright notice, this list of conditions and the following disclaimer
        -:   12:// in the documentation and/or other materials provided with the
        -:   13:// distribution.
        -:   14://     * Neither the name of Google Inc. nor the names of its
        -:   15:// contributors may be used to endorse or promote products derived from
        -:   16:// this software without specific prior written permission.
        -:   17://
        -:   18:// THIS SOFTWARE IS PROVIDED BY THE COPYRIGHT HOLDERS AND CONTRIBUTORS
        -:   19:// "AS IS" AND ANY EXPRESS OR IMPLIED WARRANTIES, INCLUDING, BUT NOT
        -:   20:// LIMITED TO, THE IMPLIED WARRANTIES OF MERCHANTABILITY AND FITNESS FOR
        -:   21:// A PARTICULAR PURPOSE ARE DISCLAIMED. IN NO EVENT SHALL THE COPYRIGHT
        -:   22:// OWNER OR CONTRIBUTORS BE LIABLE FOR ANY DIRECT, INDIRECT, INCIDENTAL,
        -:   23:// SPECIAL, EXEMPLARY, OR CONSEQUENTIAL DAMAGES (INCLUDING, BUT NOT
        -:   24:// LIMITED TO, PROCUREMENT OF SUBSTITUTE GOODS OR SERVICES; LOSS OF USE,
        -:   25:// DATA, OR PROFITS; OR BUSINESS INTERRUPTION) HOWEVER CAUSED AND ON ANY
        -:   26:// THEORY OF LIABILITY, WHETHER IN CONTRACT, STRICT LIABILITY, OR TORT
        -:   27:// (INCLUDING NEGLIGENCE OR OTHERWISE) ARISING IN ANY WAY OUT OF THE USE
        -:   28:// OF THIS SOFTWARE, EVEN IF ADVISED OF THE POSSIBILITY OF SUCH DAMAGE.
        -:   29:
        -:   30://
        -:   31:// The Google C++ Testing and Mocking Framework (Google Test)
        -:   32:
        -:   33:#include "gtest/gtest.h"
        -:   34:
        -:   35:#include <ctype.h>
        -:   36:#include <stdarg.h>
        -:   37:#include <stdio.h>
        -:   38:#include <stdlib.h>
        -:   39:#include <time.h>
        -:   40:#include <wchar.h>
        -:   41:#include <wctype.h>
        -:   42:
        -:   43:#include <algorithm>
        -:   44:#include <chrono>  // NOLINT
        -:   45:#include <cmath>
        -:   46:#include <cstdint>
        -:   47:#include <initializer_list>
        -:   48:#include <iomanip>
        -:   49:#include <iterator>
        -:   50:#include <limits>
        -:   51:#include <list>
        -:   52:#include <map>
        -:   53:#include <ostream>  // NOLINT
        -:   54:#include <sstream>
        -:   55:#include <unordered_set>
        -:   56:#include <vector>
        -:   57:
        -:   58:#include "gtest/gtest-assertion-result.h"
        -:   59:#include "gtest/gtest-spi.h"
        -:   60:#include "gtest/internal/custom/gtest.h"
        -:   61:#include "gtest/internal/gtest-port.h"
        -:   62:
        -:   63:#if GTEST_OS_LINUX
        -:   64:
        -:   65:#include <fcntl.h>   // NOLINT
        -:   66:#include <limits.h>  // NOLINT
        -:   67:#include <sched.h>   // NOLINT
        -:   68:// Declares vsnprintf().  This header is not available on Windows.
        -:   69:#include <strings.h>   // NOLINT
        -:   70:#include <sys/mman.h>  // NOLINT
        -:   71:#include <sys/time.h>  // NOLINT
        -:   72:#include <unistd.h>    // NOLINT
        -:   73:
        -:   74:#include <string>
        -:   75:
        -:   76:#elif GTEST_OS_ZOS
        -:   77:#include <sys/time.h>  // NOLINT
        -:   78:
        -:   79:// On z/OS we additionally need strings.h for strcasecmp.
        -:   80:#include <strings.h>   // NOLINT
        -:   81:
        -:   82:#elif GTEST_OS_WINDOWS_MOBILE  // We are on Windows CE.
        -:   83:
        -:   84:#include <windows.h>  // NOLINT
        -:   85:#undef min
        -:   86:
        -:   87:#elif GTEST_OS_WINDOWS  // We are on Windows proper.
        -:   88:
        -:   89:#include <windows.h>  // NOLINT
        -:   90:#undef min
        -:   91:
        -:   92:#ifdef _MSC_VER
        -:   93:#include <crtdbg.h>  // NOLINT
        -:   94:#endif
        -:   95:
        -:   96:#include <io.h>         // NOLINT
        -:   97:#include <sys/stat.h>   // NOLINT
        -:   98:#include <sys/timeb.h>  // NOLINT
        -:   99:#include <sys/types.h>  // NOLINT
        -:  100:
        -:  101:#if GTEST_OS_WINDOWS_MINGW
        -:  102:#include <sys/time.h>  // NOLINT
        -:  103:#endif                 // GTEST_OS_WINDOWS_MINGW
        -:  104:
        -:  105:#else
        -:  106:
        -:  107:// cpplint thinks that the header is already included, so we want to
        -:  108:// silence it.
        -:  109:#include <sys/time.h>  // NOLINT
        -:  110:#include <unistd.h>    // NOLINT
        -:  111:
        -:  112:#endif  // GTEST_OS_LINUX
        -:  113:
        -:  114:#if GTEST_HAS_EXCEPTIONS
        -:  115:#include <stdexcept>
        -:  116:#endif
        -:  117:
        -:  118:#if GTEST_CAN_STREAM_RESULTS_
        -:  119:#include <arpa/inet.h>   // NOLINT
        -:  120:#include <netdb.h>       // NOLINT
        -:  121:#include <sys/socket.h>  // NOLINT
        -:  122:#include <sys/types.h>   // NOLINT
        -:  123:#endif
        -:  124:
        -:  125:#include "src/gtest-internal-inl.h"
        -:  126:
        -:  127:#if GTEST_OS_WINDOWS
        -:  128:#define vsnprintf _vsnprintf
        -:  129:#endif  // GTEST_OS_WINDOWS
        -:  130:
        -:  131:#if GTEST_OS_MAC
        -:  132:#ifndef GTEST_OS_IOS
        -:  133:#include <crt_externs.h>
        -:  134:#endif
        -:  135:#endif
        -:  136:
        -:  137:#if GTEST_HAS_ABSL
        -:  138:#include "absl/debugging/failure_signal_handler.h"
        -:  139:#include "absl/debugging/stacktrace.h"
        -:  140:#include "absl/debugging/symbolize.h"
        -:  141:#include "absl/flags/parse.h"
        -:  142:#include "absl/flags/usage.h"
        -:  143:#include "absl/strings/str_cat.h"
        -:  144:#include "absl/strings/str_replace.h"
        -:  145:#endif  // GTEST_HAS_ABSL
        -:  146:
        -:  147:// Checks builtin compiler feature |x| while avoiding an extra layer of #ifdefs
        -:  148:// at the callsite.
        -:  149:#if defined(__has_builtin)
        -:  150:#define GTEST_HAS_BUILTIN(x) __has_builtin(x)
        -:  151:#else
        -:  152:#define GTEST_HAS_BUILTIN(x) 0
        -:  153:#endif  // defined(__has_builtin)
        -:  154:
        -:  155:namespace testing {
        -:  156:
        -:  157:using internal::CountIf;
        -:  158:using internal::ForEach;
        -:  159:using internal::GetElementOr;
        -:  160:using internal::Shuffle;
        -:  161:
        -:  162:// Constants.
        -:  163:
        -:  164:// A test whose test suite name or test name matches this filter is
        -:  165:// disabled and not run.
        -:  166:static const char kDisableTestFilter[] = "DISABLED_*:*/DISABLED_*";
        -:  167:
        -:  168:// A test suite whose name matches this filter is considered a death
        -:  169:// test suite and will be run before test suites whose name doesn't
        -:  170:// match this filter.
        -:  171:static const char kDeathTestSuiteFilter[] = "*DeathTest:*DeathTest/*";
        -:  172:
        -:  173:// A test filter that matches everything.
        -:  174:static const char kUniversalFilter[] = "*";
        -:  175:
        -:  176:// The default output format.
        -:  177:static const char kDefaultOutputFormat[] = "xml";
        -:  178:// The default output file.
        -:  179:static const char kDefaultOutputFile[] = "test_detail";
        -:  180:
        -:  181:// The environment variable name for the test shard index.
        -:  182:static const char kTestShardIndex[] = "GTEST_SHARD_INDEX";
        -:  183:// The environment variable name for the total number of test shards.
        -:  184:static const char kTestTotalShards[] = "GTEST_TOTAL_SHARDS";
        -:  185:// The environment variable name for the test shard status file.
        -:  186:static const char kTestShardStatusFile[] = "GTEST_SHARD_STATUS_FILE";
        -:  187:
        -:  188:namespace internal {
        -:  189:
        -:  190:// The text used in failure messages to indicate the start of the
        -:  191:// stack trace.
        -:  192:const char kStackTraceMarker[] = "\nStack trace:\n";
        -:  193:
        -:  194:// g_help_flag is true if and only if the --help flag or an equivalent form
        -:  195:// is specified on the command line.
        -:  196:bool g_help_flag = false;
        -:  197:
        -:  198:#if GTEST_HAS_FILE_SYSTEM
        -:  199:// Utility function to Open File for Writing
function _ZN7testing8internalL18OpenFileForWritingERKNSt7__cxx1112basic_stringIcSt11char_traitsIcESaIcEEE called 0 returned 0% blocks executed 0%
    #####:  200:static FILE* OpenFileForWriting(const std::string& output_file) {
    #####:  201:  FILE* fileout = nullptr;
    #####:  202:  FilePath output_file_path(output_file);
    %%%%%:  202-block 2
call    0 never executed
    #####:  203:  FilePath output_dir(output_file_path.RemoveFileName());
call    0 never executed
branch  1 never executed (fallthrough)
branch  2 never executed (throw)
        -:  204:
    #####:  205:  if (output_dir.CreateDirectoriesRecursively()) {
    %%%%%:  205-block 5
call    0 never executed
branch  1 never executed (fallthrough)
branch  2 never executed (throw)
    %%%%%:  205-block 6
branch  3 never executed (fallthrough)
branch  4 never executed
    #####:  206:    fileout = posix::FOpen(output_file.c_str(), "w");
    %%%%%:  206-block 7
call    0 never executed
branch  1 never executed (fallthrough)
branch  2 never executed (throw)
        -:  207:  }
    #####:  208:  if (fileout == nullptr) {
    %%%%%:  208-block 8
branch  0 never executed (fallthrough)
branch  1 never executed
    #####:  209:    GTEST_LOG_(FATAL) << "Unable to open file \"" << output_file << "\"";
    %%%%%:  209-block 9
call    0 never executed
branch  1 never executed (fallthrough)
branch  2 never executed (throw)
    %%%%%:  209-block 10
call    3 never executed
branch  4 never executed (fallthrough)
branch  5 never executed (throw)
    %%%%%:  209-block 11
call    6 never executed
branch  7 never executed (fallthrough)
branch  8 never executed (throw)
    %%%%%:  209-block 12
call    9 never executed
branch 10 never executed (fallthrough)
branch 11 never executed (throw)
    %%%%%:  209-block 13
call   12 never executed
    $$$$$:  209-block 18
call   13 never executed
    $$$$$:  209-block 20
call   14 never executed
        -:  210:  }
    #####:  211:  return fileout;
    %%%%%:  211-block 15
call    0 never executed
    #####:  212:}
call    0 never executed
        -:  213:#endif  // GTEST_HAS_FILE_SYSTEM
        -:  214:
        -:  215:}  // namespace internal
        -:  216:
        -:  217:// Bazel passes in the argument to '--test_filter' via the TESTBRIDGE_TEST_ONLY
        -:  218:// environment variable.
        -:  219:static const char* GetDefaultFilter() {
        -:  220:  const char* const testbridge_test_only =
        -:  221:      internal::posix::GetEnv("TESTBRIDGE_TEST_ONLY");
        -:  222:  if (testbridge_test_only != nullptr) {
        -:  223:    return testbridge_test_only;
        -:  224:  }
        -:  225:  return kUniversalFilter;
        -:  226:}
        -:  227:
        -:  228:// Bazel passes in the argument to '--test_runner_fail_fast' via the
        -:  229:// TESTBRIDGE_TEST_RUNNER_FAIL_FAST environment variable.
function _ZN7testingL18GetDefaultFailFastEv called 1 returned 100% blocks executed 75%
        1:  230:static bool GetDefaultFailFast() {
        1:  231:  const char* const testbridge_test_runner_fail_fast =
        1:  231-block 2
call    0 returned 1
        1:  232:      internal::posix::GetEnv("TESTBRIDGE_TEST_RUNNER_FAIL_FAST");
        1:  233:  if (testbridge_test_runner_fail_fast != nullptr) {
branch  0 taken 0 (fallthrough)
branch  1 taken 1
    #####:  234:    return strcmp(testbridge_test_runner_fail_fast, "1") == 0;
    %%%%%:  234-block 4
        -:  235:  }
        -:  236:  return false;
        -:  237:}
        -:  238:
        -:  239:}  // namespace testing
        -:  240:
        -:  241:GTEST_DEFINE_bool_(
        -:  242:    fail_fast,
        -:  243:    testing::internal::BoolFromGTestEnv("fail_fast",
        -:  244:                                        testing::GetDefaultFailFast()),
        -:  245:    "True if and only if a test failure should stop further test execution.");
        -:  246:
        -:  247:GTEST_DEFINE_bool_(
        -:  248:    also_run_disabled_tests,
        -:  249:    testing::internal::BoolFromGTestEnv("also_run_disabled_tests", false),
        -:  250:    "Run disabled tests too, in addition to the tests normally being run.");
        -:  251:
        -:  252:GTEST_DEFINE_bool_(
        -:  253:    break_on_failure,
        -:  254:    testing::internal::BoolFromGTestEnv("break_on_failure", false),
        -:  255:    "True if and only if a failed assertion should be a debugger "
        -:  256:    "break-point.");
        -:  257:
        -:  258:GTEST_DEFINE_bool_(catch_exceptions,
        -:  259:                   testing::internal::BoolFromGTestEnv("catch_exceptions",
        -:  260:                                                       true),
        -:  261:                   "True if and only if " GTEST_NAME_
        -:  262:                   " should catch exceptions and treat them as test failures.");
        -:  263:
        -:  264:GTEST_DEFINE_string_(
        -:  265:    color, testing::internal::StringFromGTestEnv("color", "auto"),
        -:  266:    "Whether to use colors in the output.  Valid values: yes, no, "
        -:  267:    "and auto.  'auto' means to use colors if the output is "
        -:  268:    "being sent to a terminal and the TERM environment variable "
        -:  269:    "is set to a terminal type that supports colors.");
        -:  270:
        -:  271:GTEST_DEFINE_string_(
        -:  272:    filter,
        -:  273:    testing::internal::StringFromGTestEnv("filter",
        -:  274:                                          testing::GetDefaultFilter()),
        -:  275:    "A colon-separated list of glob (not regex) patterns "
        -:  276:    "for filtering the tests to run, optionally followed by a "
        -:  277:    "'-' and a : separated list of negative patterns (tests to "
        -:  278:    "exclude).  A test is run if it matches one of the positive "
        -:  279:    "patterns and does not match any of the negative patterns.");
        -:  280:
        -:  281:GTEST_DEFINE_bool_(
        -:  282:    install_failure_signal_handler,
        -:  283:    testing::internal::BoolFromGTestEnv("install_failure_signal_handler",
        -:  284:                                        false),
        -:  285:    "If true and supported on the current platform, " GTEST_NAME_
        -:  286:    " should "
        -:  287:    "install a signal handler that dumps debugging information when fatal "
        -:  288:    "signals are raised.");
        -:  289:
        -:  290:GTEST_DEFINE_bool_(list_tests, false, "List all tests without running them.");
        -:  291:
        -:  292:// The net priority order after flag processing is thus:
        -:  293://   --gtest_output command line flag
        -:  294://   GTEST_OUTPUT environment variable
        -:  295://   XML_OUTPUT_FILE environment variable
        -:  296://   ''
        -:  297:GTEST_DEFINE_string_(
        -:  298:    output,
        -:  299:    testing::internal::StringFromGTestEnv(
        -:  300:        "output", testing::internal::OutputFlagAlsoCheckEnvVar().c_str()),
        -:  301:    "A format (defaults to \"xml\" but can be specified to be \"json\"), "
        -:  302:    "optionally followed by a colon and an output file name or directory. "
        -:  303:    "A directory is indicated by a trailing pathname separator. "
        -:  304:    "Examples: \"xml:filename.xml\", \"xml::directoryname/\". "
        -:  305:    "If a directory is specified, output files will be created "
        -:  306:    "within that directory, with file-names based on the test "
        -:  307:    "executable's name and, if necessary, made unique by adding "
        -:  308:    "digits.");
        -:  309:
        -:  310:GTEST_DEFINE_bool_(
        -:  311:    brief, testing::internal::BoolFromGTestEnv("brief", false),
        -:  312:    "True if only test failures should be displayed in text output.");
        -:  313:
        -:  314:GTEST_DEFINE_bool_(print_time,
        -:  315:                   testing::internal::BoolFromGTestEnv("print_time", true),
        -:  316:                   "True if and only if " GTEST_NAME_
        -:  317:                   " should display elapsed time in text output.");
        -:  318:
        -:  319:GTEST_DEFINE_bool_(print_utf8,
        -:  320:                   testing::internal::BoolFromGTestEnv("print_utf8", true),
        -:  321:                   "True if and only if " GTEST_NAME_
        -:  322:                   " prints UTF8 characters as text.");
        -:  323:
        -:  324:GTEST_DEFINE_int32_(
        -:  325:    random_seed, testing::internal::Int32FromGTestEnv("random_seed", 0),
        -:  326:    "Random number seed to use when shuffling test orders.  Must be in range "
        -:  327:    "[1, 99999], or 0 to use a seed based on the current time.");
        -:  328:
        -:  329:GTEST_DEFINE_int32_(
        -:  330:    repeat, testing::internal::Int32FromGTestEnv("repeat", 1),
        -:  331:    "How many times to repeat each test.  Specify a negative number "
        -:  332:    "for repeating forever.  Useful for shaking out flaky tests.");
        -:  333:
        -:  334:GTEST_DEFINE_bool_(
        -:  335:    recreate_environments_when_repeating,
        -:  336:    testing::internal::BoolFromGTestEnv("recreate_environments_when_repeating",
        -:  337:                                        false),
        -:  338:    "Controls whether global test environments are recreated for each repeat "
        -:  339:    "of the tests. If set to false the global test environments are only set "
        -:  340:    "up once, for the first iteration, and only torn down once, for the last. "
        -:  341:    "Useful for shaking out flaky tests with stable, expensive test "
        -:  342:    "environments. If --gtest_repeat is set to a negative number, meaning "
        -:  343:    "there is no last run, the environments will always be recreated to avoid "
        -:  344:    "leaks.");
        -:  345:
        -:  346:GTEST_DEFINE_bool_(show_internal_stack_frames, false,
        -:  347:                   "True if and only if " GTEST_NAME_
        -:  348:                   " should include internal stack frames when "
        -:  349:                   "printing test failure stack traces.");
        -:  350:
        -:  351:GTEST_DEFINE_bool_(shuffle,
        -:  352:                   testing::internal::BoolFromGTestEnv("shuffle", false),
        -:  353:                   "True if and only if " GTEST_NAME_
        -:  354:                   " should randomize tests' order on every run.");
        -:  355:
        -:  356:GTEST_DEFINE_int32_(
        -:  357:    stack_trace_depth,
        -:  358:    testing::internal::Int32FromGTestEnv("stack_trace_depth",
        -:  359:                                         testing::kMaxStackTraceDepth),
        -:  360:    "The maximum number of stack frames to print when an "
        -:  361:    "assertion fails.  The valid range is 0 through 100, inclusive.");
        -:  362:
        -:  363:GTEST_DEFINE_string_(
        -:  364:    stream_result_to,
        -:  365:    testing::internal::StringFromGTestEnv("stream_result_to", ""),
        -:  366:    "This flag specifies the host name and the port number on which to stream "
        -:  367:    "test results. Example: \"localhost:555\". The flag is effective only on "
        -:  368:    "Linux.");
        -:  369:
        -:  370:GTEST_DEFINE_bool_(
        -:  371:    throw_on_failure,
        -:  372:    testing::internal::BoolFromGTestEnv("throw_on_failure", false),
        -:  373:    "When this flag is specified, a failed assertion will throw an exception "
        -:  374:    "if exceptions are enabled or exit the program with a non-zero code "
        -:  375:    "otherwise. For use with an external test framework.");
        -:  376:
        -:  377:#if GTEST_USE_OWN_FLAGFILE_FLAG_
        -:  378:GTEST_DEFINE_string_(
        -:  379:    flagfile, testing::internal::StringFromGTestEnv("flagfile", ""),
        -:  380:    "This flag specifies the flagfile to read command-line flags from.");
        -:  381:#endif  // GTEST_USE_OWN_FLAGFILE_FLAG_
        -:  382:
        -:  383:namespace testing {
        -:  384:namespace internal {
        -:  385:
        -:  386:const uint32_t Random::kMaxRange;
        -:  387:
        -:  388:// Generates a random number from [0, range), using a Linear
        -:  389:// Congruential Generator (LCG).  Crashes if 'range' is 0 or greater
        -:  390:// than kMaxRange.
function _ZN7testing8internal6Random8GenerateEj called 0 returned 0% blocks executed 0%
    #####:  391:uint32_t Random::Generate(uint32_t range) {
        -:  392:  // These constants are the same as are used in glibc's rand(3).
        -:  393:  // Use wider types than necessary to prevent unsigned overflow diagnostics.
    #####:  394:  state_ = static_cast<uint32_t>(1103515245ULL * state_ + 12345U) % kMaxRange;
        -:  395:
    #####:  396:  GTEST_CHECK_(range > 0) << "Cannot generate a number in the range [0, 0).";
    %%%%%:  396-block 2
branch  0 never executed (fallthrough)
branch  1 never executed
    %%%%%:  396-block 3
call    2 never executed
call    3 never executed
branch  4 never executed (fallthrough)
branch  5 never executed (throw)
    %%%%%:  396-block 5
call    6 never executed
branch  7 never executed (fallthrough)
branch  8 never executed (throw)
    %%%%%:  396-block 6
call    9 never executed
    $$$$$:  396-block 20
call   10 never executed
    #####:  397:  GTEST_CHECK_(range <= kMaxRange)
    %%%%%:  397-block 8
branch  0 never executed (fallthrough)
branch  1 never executed
    %%%%%:  397-block 9
call    2 never executed
    %%%%%:  397-block 17
call    3 never executed
    $$$$$:  397-block 22
call    4 never executed
    #####:  398:      << "Generation of a number in [0, " << range << ") was requested, "
call    0 never executed
branch  1 never executed (fallthrough)
branch  2 never executed (throw)
    %%%%%:  398-block 11
call    3 never executed
branch  4 never executed (fallthrough)
branch  5 never executed (throw)
    %%%%%:  398-block 12
call    6 never executed
branch  7 never executed (fallthrough)
branch  8 never executed (throw)
    #####:  399:      << "but this can only generate numbers in [0, " << kMaxRange << ").";
    %%%%%:  399-block 13
call    0 never executed
branch  1 never executed (fallthrough)
branch  2 never executed (throw)
    %%%%%:  399-block 14
call    3 never executed
branch  4 never executed (fallthrough)
branch  5 never executed (throw)
    %%%%%:  399-block 15
call    6 never executed
branch  7 never executed (fallthrough)
branch  8 never executed (throw)
    %%%%%:  399-block 16
call    9 never executed
branch 10 never executed (fallthrough)
branch 11 never executed (throw)
        -:  400:
        -:  401:  // Converting via modulus introduces a bit of downward bias, but
        -:  402:  // it's simple, and a linear congruential generator isn't too good
        -:  403:  // to begin with.
    #####:  404:  return state_ % range;
    %%%%%:  404-block 19
        -:  405:}
        -:  406:
        -:  407:// GTestIsInitialized() returns true if and only if the user has initialized
        -:  408:// Google Test.  Useful for catching the user mistake of not initializing
        -:  409:// Google Test before calling RUN_ALL_TESTS().
function _ZN7testing8internalL18GTestIsInitializedEv called 2 returned 100% blocks executed 100%
        2:  410:static bool GTestIsInitialized() { return GetArgvs().size() > 0; }
call    0 returned 2
        -:  411:
        -:  412:// Iterates over a vector of TestSuites, keeping a running sum of the
        -:  413:// results of calling a given int-returning method on each.
        -:  414:// Returns the sum.
function _ZN7testing8internalL20SumOverTestSuiteListERKSt6vectorIPNS_9TestSuiteESaIS3_EEMS2_KFivE called 5 returned 100% blocks executed 86%
        5:  415:static int SumOverTestSuiteList(const std::vector<TestSuite*>& case_list,
        -:  416:                                int (TestSuite::*method)() const) {
        5:  417:  int sum = 0;
       10:  418:  for (size_t i = 0; i < case_list.size(); i++) {
        5:  418-block 2
       10:  418-block 7
branch  0 taken 5
branch  1 taken 5 (fallthrough)
       5*:  419:    sum += (case_list[i]->*method)();
        5:  419-block 3
branch  0 taken 0 (fallthrough)
branch  1 taken 5
    %%%%%:  419-block 4
        5:  419-block 5
call    2 returned 5
        -:  420:  }
        5:  421:  return sum;
        -:  422:}
        -:  423:
        -:  424:// Returns true if and only if the test suite passed.
function _ZN7testing8internalL15TestSuitePassedEPKNS_9TestSuiteE called 0 returned 0% blocks executed 0%
    #####:  425:static bool TestSuitePassed(const TestSuite* test_suite) {
    #####:  426:  return test_suite->should_run() && test_suite->Passed();
    %%%%%:  426-block 2
branch  0 never executed (fallthrough)
branch  1 never executed
branch  2 never executed (fallthrough)
branch  3 never executed
        -:  427:}
        -:  428:
        -:  429:// Returns true if and only if the test suite failed.
function _ZN7testing8internalL15TestSuiteFailedEPKNS_9TestSuiteE called 2 returned 100% blocks executed 100%
        2:  430:static bool TestSuiteFailed(const TestSuite* test_suite) {
        2:  431:  return test_suite->should_run() && test_suite->Failed();
        2:  431-block 2
branch  0 taken 2 (fallthrough)
branch  1 taken 0
        2:  431-block 3
call    2 returned 2
branch  3 taken 2 (fallthrough)
branch  4 taken 0
        -:  432:}
        -:  433:
        -:  434:// Returns true if and only if test_suite contains at least one test that
        -:  435:// should run.
function _ZN7testing8internalL18ShouldRunTestSuiteEPKNS_9TestSuiteE called 2 returned 100% blocks executed 100%
        2:  436:static bool ShouldRunTestSuite(const TestSuite* test_suite) {
        2:  437:  return test_suite->should_run();
        -:  438:}
        -:  439:
        -:  440:// AssertHelper constructor.
function _ZN7testing8internal12AssertHelperC2ENS_14TestPartResult4TypeEPKciS5_ called 0 returned 0% blocks executed 0%
    #####:  441:AssertHelper::AssertHelper(TestPartResult::Type type, const char* file,
    #####:  442:                           int line, const char* message)
    #####:  443:    : data_(new AssertHelperData(type, file, line, message)) {}
    %%%%%:  443-block 2
call    0 never executed
call    1 never executed
branch  2 never executed (fallthrough)
branch  3 never executed (throw)
    %%%%%:  443-block 4
    $$$$$:  443-block 5
call    4 never executed
        -:  444:
function _ZN7testing8internal12AssertHelperD2Ev called 0 returned 0% blocks executed 0%
    #####:  445:AssertHelper::~AssertHelper() { delete data_; }
    %%%%%:  445-block 2
branch  0 never executed (fallthrough)
branch  1 never executed
call    2 never executed
        -:  446:
        -:  447:// Message assignment, for assertion streaming support.
function _ZNK7testing8internal12AssertHelperaSERKNS_7MessageE called 0 returned 0% blocks executed 0%
    #####:  448:void AssertHelper::operator=(const Message& message) const {
    #####:  449:  UnitTest::GetInstance()->AddTestPartResult(
    %%%%%:  449-block 2
call    0 never executed
    #####:  450:      data_->type, data_->file, data_->line,
    %%%%%:  450-block 6
call    0 never executed
branch  1 never executed (fallthrough)
branch  2 never executed (throw)
    #####:  451:      AppendUserMessage(data_->message, message),
call    0 never executed
branch  1 never executed (fallthrough)
branch  2 never executed (throw)
call    3 never executed
    $$$$$:  451-block 12
call    4 never executed
    #####:  452:      UnitTest::GetInstance()->impl()->CurrentOsStackTraceExceptTop(1)
call    0 never executed
call    1 never executed
        -:  453:      // Skips the stack frame for this function itself.
        -:  454:  );  // NOLINT
    #####:  455:}
        -:  456:
        -:  457:namespace {
        -:  458:
        -:  459:// When TEST_P is found without a matching INSTANTIATE_TEST_SUITE_P
        -:  460:// to creates test cases for it, a synthetic test case is
        -:  461:// inserted to report ether an error or a log message.
        -:  462://
        -:  463:// This configuration bit will likely be removed at some point.
        -:  464:constexpr bool kErrorOnUninstantiatedParameterizedTest = true;
        -:  465:constexpr bool kErrorOnUninstantiatedTypeParameterizedTest = true;
        -:  466:
        -:  467:// A test that fails at a given file/line location with a given message.
        -:  468:class FailureTest : public Test {
        -:  469: public:
function _ZN7testing8internal12_GLOBAL__N_111FailureTestC2ERKNS0_12CodeLocationENSt7__cxx1112basic_stringIcSt11char_traitsIcESaIcEEEb called 0 returned 0% blocks executed 0%
    #####:  470:  explicit FailureTest(const CodeLocation& loc, std::string error_message,
        -:  471:                       bool as_error)
    #####:  472:      : loc_(loc),
    #####:  473:        error_message_(std::move(error_message)),
    %%%%%:  473-block 4
call    0 never executed
    #####:  474:        as_error_(as_error) {}
    %%%%%:  474-block 2
call    0 never executed
call    1 never executed
branch  2 never executed (fallthrough)
branch  3 never executed (throw)
        -:  475:
function _ZN7testing8internal12_GLOBAL__N_111FailureTest8TestBodyEv called 0 returned 0% blocks executed 0%
    #####:  476:  void TestBody() override {
    #####:  477:    if (as_error_) {
    %%%%%:  477-block 2
branch  0 never executed (fallthrough)
branch  1 never executed
    #####:  478:      AssertHelper(TestPartResult::kNonFatalFailure, loc_.file.c_str(),
    %%%%%:  478-block 7
call    0 never executed
call    1 never executed
    $$$$$:  478-block 13
call    2 never executed
    $$$$$:  478-block 15
call    3 never executed
    #####:  479:                   loc_.line, "") = Message() << error_message_;
    %%%%%:  479-block 3
call    0 never executed
call    1 never executed
branch  2 never executed (fallthrough)
branch  3 never executed (throw)
    %%%%%:  479-block 5
call    4 never executed
branch  5 never executed (fallthrough)
branch  6 never executed (throw)
    %%%%%:  479-block 6
call    7 never executed
branch  8 never executed (fallthrough)
branch  9 never executed (throw)
        -:  480:    } else {
    #####:  481:      std::cout << error_message_ << std::endl;
    %%%%%:  481-block 10
call    0 never executed
call    1 never executed
        -:  482:    }
    #####:  483:  }
    %%%%%:  483-block 12
        -:  484:
        -:  485: private:
        -:  486:  const CodeLocation loc_;
        -:  487:  const std::string error_message_;
        -:  488:  const bool as_error_;
        -:  489:};
        -:  490:
        -:  491:}  // namespace
        -:  492:
function _ZN7testing8internal33GetIgnoredParameterizedTestSuitesB5cxx11Ev called 0 returned 0% blocks executed 0%
       1*:  493:std::set<std::string>* GetIgnoredParameterizedTestSuites() {
       1*:  494:  return UnitTest::GetInstance()->impl()->ignored_parameterized_test_suites();
branch  0 never executed (fallthrough)
branch  1 never executed
call    2 never executed
    %%%%%:  494-block 2
call    3 never executed
        -:  495:}
        -:  496:
        -:  497:// Add a given test_suit to the list of them allow to go un-instantiated.
function _ZN7testing8internal13MarkAsIgnoredC2EPKc called 0 returned 0% blocks executed 0%
    #####:  498:MarkAsIgnored::MarkAsIgnored(const char* test_suite) {
    #####:  499:  GetIgnoredParameterizedTestSuites()->insert(test_suite);
    %%%%%:  499-block 2
call    0 never executed
call    1 never executed
    %%%%%:  499-block 5
call    2 never executed
    #####:  500:}
        -:  501:
        -:  502:// If this parameterized test suite has no instantiations (and that
        -:  503:// has not been marked as okay), emit a test case reporting that.
function _ZN7testing8internal23InsertSyntheticTestCaseERKNSt7__cxx1112basic_stringIcSt11char_traitsIcESaIcEEENS0_12CodeLocationEb called 0 returned 0% blocks executed 0%
    #####:  504:void InsertSyntheticTestCase(const std::string& name, CodeLocation location,
        -:  505:                             bool has_test_p) {
    #####:  506:  const auto& ignored = *GetIgnoredParameterizedTestSuites();
    %%%%%:  506-block 2
call    0 never executed
    #####:  507:  if (ignored.find(name) != ignored.end()) return;
branch  0 never executed (fallthrough)
branch  1 never executed
    %%%%%:  507-block 4
        -:  508:
    #####:  509:  const char kMissingInstantiation[] =  //
        -:  510:      " is defined via TEST_P, but never instantiated. None of the test cases "
        -:  511:      "will run. Either no INSTANTIATE_TEST_SUITE_P is provided or the only "
        -:  512:      "ones provided expand to nothing."
        -:  513:      "\n\n"
        -:  514:      "Ideally, TEST_P definitions should only ever be included as part of "
        -:  515:      "binaries that intend to use them. (As opposed to, for example, being "
        -:  516:      "placed in a library that may be linked in to get other utilities.)";
        -:  517:
    #####:  518:  const char kMissingTestCase[] =  //
        -:  519:      " is instantiated via INSTANTIATE_TEST_SUITE_P, but no tests are "
        -:  520:      "defined via TEST_P . No test cases will run."
        -:  521:      "\n\n"
        -:  522:      "Ideally, INSTANTIATE_TEST_SUITE_P should only ever be invoked from "
        -:  523:      "code that always depend on code that provides TEST_P. Failing to do "
        -:  524:      "so is often an indication of dead code, e.g. the last TEST_P was "
        -:  525:      "removed but the rest got left behind.";
        -:  526:
    #####:  527:  std::string message =
    #####:  528:      "Parameterized test suite " + name +
    %%%%%:  528-block 7
call    0 never executed
call    1 never executed
call    2 never executed
    #####:  529:      (has_test_p ? kMissingInstantiation : kMissingTestCase) +
    %%%%%:  529-block 5
branch  0 never executed (fallthrough)
branch  1 never executed
call    2 never executed
branch  3 never executed (fallthrough)
branch  4 never executed (throw)
call    5 never executed
        -:  530:      "\n\n"
        -:  531:      "To suppress this error for this test suite, insert the following line "
        -:  532:      "(in a non-header) in the namespace it is defined in:"
        -:  533:      "\n\n"
    #####:  534:      "GTEST_ALLOW_UNINSTANTIATED_PARAMETERIZED_TEST(" +
call    0 never executed
branch  1 never executed (fallthrough)
branch  2 never executed (throw)
call    3 never executed
    #####:  535:      name + ");";
call    0 never executed
branch  1 never executed (fallthrough)
branch  2 never executed (throw)
call    3 never executed
        -:  536:
    #####:  537:  std::string full_name = "UninstantiatedParameterizedTestSuite<" + name + ">";
call    0 never executed
branch  1 never executed (fallthrough)
branch  2 never executed (throw)
call    3 never executed
    $$$$$:  537-block 50
call    4 never executed
    #####:  538:  RegisterTest(  //
        -:  539:      "GoogleTestVerification", full_name.c_str(),
        -:  540:      nullptr,  // No type parameter.
        -:  541:      nullptr,  // No value parameter.
function _ZZN7testing8internal23InsertSyntheticTestCaseERKNSt7__cxx1112basic_stringIcSt11char_traitsIcESaIcEEENS0_12CodeLocationEbENKUlvE_clEv called 0 returned 0% blocks executed 0%
    #####:  542:      location.file.c_str(), location.line, [message, location] {
call    0 never executed
call    1 never executed
    $$$$$:  542-block 17
call    2 never executed
call    3 never executed
call    4 never executed
branch  5 never executed (fallthrough)
branch  6 never executed (throw)
    %%%%%:  542-block 25
call    7 never executed
branch  8 never executed (fallthrough)
branch  9 never executed (throw)
    %%%%%:  542-block 26
call   10 never executed
branch 11 never executed (fallthrough)
branch 12 never executed (throw)
    %%%%%:  542-block 27
call   13 never executed
call   14 never executed
call   15 never executed
    $$$$$:  542-block 43
call   16 never executed
call   17 never executed
    $$$$$:  542-block 48
call   18 never executed
    #####:  543:        return new FailureTest(location, message,
    #####:  544:                               kErrorOnUninstantiatedParameterizedTest);
    %%%%%:  544-block 2
call    0 never executed
call    1 never executed
branch  2 never executed (fallthrough)
branch  3 never executed (throw)
    %%%%%:  544-block 4
call    4 never executed
branch  5 never executed (fallthrough)
branch  6 never executed (throw)
    %%%%%:  544-block 5
call    7 never executed
    $$$$$:  544-block 9
call    8 never executed
        -:  545:      });
    #####:  546:}
call    0 never executed
        -:  547:
function _ZN7testing8internal34RegisterTypeParameterizedTestSuiteEPKcNS0_12CodeLocationE called 0 returned 0% blocks executed 0%
    #####:  548:void RegisterTypeParameterizedTestSuite(const char* test_suite_name,
        -:  549:                                        CodeLocation code_location) {
    #####:  550:  GetUnitTestImpl()->type_parameterized_test_registry().RegisterTestSuite(
    %%%%%:  550-block 2
call    0 never executed
call    1 never executed
call    2 never executed
branch  3 never executed (fallthrough)
branch  4 never executed (throw)
        -:  551:      test_suite_name, code_location);
    #####:  552:}
        -:  553:
function _ZN7testing8internal47RegisterTypeParameterizedTestSuiteInstantiationEPKc called 0 returned 0% blocks executed 0%
    #####:  554:void RegisterTypeParameterizedTestSuiteInstantiation(const char* case_name) {
    #####:  555:  GetUnitTestImpl()->type_parameterized_test_registry().RegisterInstantiation(
    %%%%%:  555-block 2
call    0 never executed
call    1 never executed
        -:  556:      case_name);
    #####:  557:}
        -:  558:
function _ZN7testing8internal34TypeParameterizedTestSuiteRegistry17RegisterTestSuiteEPKcNS0_12CodeLocationE called 0 returned 0% blocks executed 0%
    #####:  559:void TypeParameterizedTestSuiteRegistry::RegisterTestSuite(
        -:  560:    const char* test_suite_name, CodeLocation code_location) {
    #####:  561:  suites_.emplace(std::string(test_suite_name),
    %%%%%:  561-block 2
call    0 never executed
    %%%%%:  561-block 4
call    1 never executed
branch  2 never executed (fallthrough)
branch  3 never executed (throw)
    %%%%%:  561-block 5
call    4 never executed
branch  5 never executed (fallthrough)
branch  6 never executed (throw)
call    7 never executed
    $$$$$:  561-block 12
call    8 never executed
    #####:  562:                  TypeParameterizedTestSuiteInfo(code_location));
call    0 never executed
branch  1 never executed (fallthrough)
branch  2 never executed (throw)
    %%%%%:  562-block 4
call    3 never executed
branch  4 never executed (fallthrough)
branch  5 never executed (throw)
call    6 never executed
    #####:  563:}
        -:  564:
function _ZN7testing8internal34TypeParameterizedTestSuiteRegistry21RegisterInstantiationEPKc called 0 returned 0% blocks executed 0%
    #####:  565:void TypeParameterizedTestSuiteRegistry::RegisterInstantiation(
        -:  566:    const char* test_suite_name) {
    #####:  567:  auto it = suites_.find(std::string(test_suite_name));
    %%%%%:  567-block 2
call    0 never executed
call    1 never executed
    #####:  568:  if (it != suites_.end()) {
branch  0 never executed (fallthrough)
branch  1 never executed
    #####:  569:    it->second.instantiated = true;
    %%%%%:  569-block 5
        -:  570:  } else {
    #####:  571:    GTEST_LOG_(ERROR) << "Unknown type parameterized test suit '"
    %%%%%:  571-block 6
call    0 never executed
branch  1 never executed (fallthrough)
branch  2 never executed (throw)
    %%%%%:  571-block 10
call    3 never executed
    $$$$$:  571-block 13
call    4 never executed
    #####:  572:                      << test_suite_name << "'";
    %%%%%:  572-block 7
call    0 never executed
branch  1 never executed (fallthrough)
branch  2 never executed (throw)
    %%%%%:  572-block 8
call    3 never executed
branch  4 never executed (fallthrough)
branch  5 never executed (throw)
    %%%%%:  572-block 9
call    6 never executed
branch  7 never executed (fallthrough)
branch  8 never executed (throw)
        -:  573:  }
    #####:  574:}
    %%%%%:  574-block 12
        -:  575:
function _ZN7testing8internal34TypeParameterizedTestSuiteRegistry22CheckForInstantiationsEv called 1 returned 100% blocks executed 11%
        1:  576:void TypeParameterizedTestSuiteRegistry::CheckForInstantiations() {
        1:  577:  const auto& ignored = *GetIgnoredParameterizedTestSuites();
        1:  577-block 2
call    0 returned 1
       1*:  578:  for (const auto& testcase : suites_) {
    %%%%%:  578-block 30
        1:  578-block 31
branch  0 taken 0
branch  1 taken 1 (fallthrough)
    #####:  579:    if (testcase.second.instantiated) continue;
    %%%%%:  579-block 4
branch  0 never executed (fallthrough)
branch  1 never executed
    %%%%%:  579-block 5
    %%%%%:  579-block 29
    #####:  580:    if (ignored.find(testcase.first) != ignored.end()) continue;
    %%%%%:  580-block 6
branch  0 never executed (fallthrough)
branch  1 never executed
    %%%%%:  580-block 7
        -:  581:
    #####:  582:    std::string message =
    #####:  583:        "Type parameterized test suite " + testcase.first +
call    0 never executed
call    1 never executed
        -:  584:        " is defined via REGISTER_TYPED_TEST_SUITE_P, but never instantiated "
        -:  585:        "via INSTANTIATE_TYPED_TEST_SUITE_P. None of the test cases will run."
        -:  586:        "\n\n"
        -:  587:        "Ideally, TYPED_TEST_P definitions should only ever be included as "
        -:  588:        "part of binaries that intend to use them. (As opposed to, for "
        -:  589:        "example, being placed in a library that may be linked in to get other "
        -:  590:        "utilities.)"
        -:  591:        "\n\n"
        -:  592:        "To suppress this error for this test suite, insert the following line "
        -:  593:        "(in a non-header) in the namespace it is defined in:"
        -:  594:        "\n\n"
    #####:  595:        "GTEST_ALLOW_UNINSTANTIATED_PARAMETERIZED_TEST(" +
call    0 never executed
branch  1 never executed (fallthrough)
branch  2 never executed (throw)
call    3 never executed
    #####:  596:        testcase.first + ");";
    %%%%%:  596-block 8
call    0 never executed
call    1 never executed
branch  2 never executed (fallthrough)
branch  3 never executed (throw)
call    4 never executed
        -:  597:
    #####:  598:    std::string full_name =
    #####:  599:        "UninstantiatedTypeParameterizedTestSuite<" + testcase.first + ">";
call    0 never executed
branch  1 never executed (fallthrough)
branch  2 never executed (throw)
call    3 never executed
    $$$$$:  599-block 47
call    4 never executed
    #####:  600:    RegisterTest(  //
        -:  601:        "GoogleTestVerification", full_name.c_str(),
        -:  602:        nullptr,  // No type parameter.
        -:  603:        nullptr,  // No value parameter.
        -:  604:        testcase.second.code_location.file.c_str(),
function _ZZN7testing8internal34TypeParameterizedTestSuiteRegistry22CheckForInstantiationsEvENKUlvE_clEv called 0 returned 0% blocks executed 0%
    #####:  605:        testcase.second.code_location.line, [message, testcase] {
call    0 never executed
branch  1 never executed (fallthrough)
branch  2 never executed (throw)
    %%%%%:  605-block 23
call    3 never executed
branch  4 never executed (fallthrough)
branch  5 never executed (throw)
    %%%%%:  605-block 24
call    6 never executed
branch  7 never executed (fallthrough)
branch  8 never executed (throw)
    %%%%%:  605-block 25
call    9 never executed
call   10 never executed
    $$$$$:  605-block 41
call   11 never executed
    $$$$$:  605-block 45
call   12 never executed
    #####:  606:          return new FailureTest(testcase.second.code_location, message,
    #####:  607:                                 kErrorOnUninstantiatedTypeParameterizedTest);
    %%%%%:  607-block 2
call    0 never executed
call    1 never executed
branch  2 never executed (fallthrough)
branch  3 never executed (throw)
    %%%%%:  607-block 4
call    4 never executed
branch  5 never executed (fallthrough)
branch  6 never executed (throw)
    %%%%%:  607-block 5
call    7 never executed
    $$$$$:  607-block 9
call    8 never executed
        -:  608:        });
    #####:  609:  }
call    0 never executed
        1:  610:}
        1:  610-block 32
        -:  611:
        -:  612:// A copy of all command line arguments.  Set by InitGoogleTest().
        -:  613:static ::std::vector<std::string> g_argvs;
        -:  614:
function _ZN7testing8internal8GetArgvsB5cxx11Ev called 0 returned 0% blocks executed 0%
       2*:  615:::std::vector<std::string> GetArgvs() {
        -:  616:#if defined(GTEST_CUSTOM_GET_ARGVS_)
        -:  617:  // GTEST_CUSTOM_GET_ARGVS_() may return a container of std::string or
        -:  618:  // ::string. This code converts it to the appropriate type.
        -:  619:  const auto& custom = GTEST_CUSTOM_GET_ARGVS_();
        -:  620:  return ::std::vector<std::string>(custom.begin(), custom.end());
        -:  621:#else   // defined(GTEST_CUSTOM_GET_ARGVS_)
       2*:  622:  return g_argvs;
    %%%%%:  622-block 2
call    0 never executed
        2:  622-block 2
call    1 returned 2
    %%%%%:  622-block 4
call    2 never executed
        -:  623:#endif  // defined(GTEST_CUSTOM_GET_ARGVS_)
        -:  624:}
        -:  625:
        -:  626:#if GTEST_HAS_FILE_SYSTEM
        -:  627:// Returns the current application's name, removing directory path if that
        -:  628:// is present.
function _ZN7testing8internal24GetCurrentExecutableNameEv called 0 returned 0% blocks executed 0%
    #####:  629:FilePath GetCurrentExecutableName() {
    #####:  630:  FilePath result;
    %%%%%:  630-block 2
call    0 never executed
        -:  631:
        -:  632:#if GTEST_OS_WINDOWS || GTEST_OS_OS2
    #####:  633:  result.Set(FilePath(GetArgvs()[0]).RemoveExtension("exe"));
call    0 never executed
branch  1 never executed (fallthrough)
branch  2 never executed (throw)
    %%%%%:  633-block 4
call    3 never executed
branch  4 never executed (fallthrough)
branch  5 never executed (throw)
call    6 never executed
branch  7 never executed (fallthrough)
branch  8 never executed (throw)
    %%%%%:  633-block 9
call    9 never executed
call   10 never executed
call   11 never executed
    $$$$$:  633-block 19
call   12 never executed
    $$$$$:  633-block 21
call   13 never executed
        -:  634:#else
        -:  635:  result.Set(FilePath(GetArgvs()[0]));
        -:  636:#endif  // GTEST_OS_WINDOWS
        -:  637:
    #####:  638:  return result.RemoveDirectoryName();
call    0 never executed
branch  1 never executed (fallthrough)
branch  2 never executed (throw)
    #####:  639:}
        -:  640:#endif  // GTEST_HAS_FILE_SYSTEM
        -:  641:
        -:  642:// Functions for processing the gtest_output flag.
        -:  643:
        -:  644:// Returns the output format, or "" for normal printed output.
function _ZN7testing8internal15UnitTestOptions15GetOutputFormatB5cxx11Ev called 1 returned 100% blocks executed 75%
        1:  645:std::string UnitTestOptions::GetOutputFormat() {
        1:  646:  std::string s = GTEST_FLAG_GET(output);
        1:  646-block 2
call    0 returned 1
        1:  647:  const char* const gtest_output_flag = s.c_str();
branch  0 taken 1 (fallthrough)
branch  1 taken 0
        1:  648:  const char* const colon = strchr(gtest_output_flag, ':');
        1:  649:  return (colon == nullptr)
        1:  650:             ? std::string(gtest_output_flag)
branch  0 taken 1 (fallthrough)
branch  1 taken 0
        -:  651:             : std::string(gtest_output_flag,
       1*:  652:                           static_cast<size_t>(colon - gtest_output_flag));
        1:  652-block 4
call    0 returned 1
branch  1 taken 1 (fallthrough)
branch  2 taken 0 (throw)
    %%%%%:  652-block 5
call    3 never executed
branch  4 never executed (fallthrough)
branch  5 never executed (throw)
        1:  652-block 6
call    6 returned 1
    $$$$$:  652-block 8
call    7 never executed
        1:  653:}
        -:  654:
        -:  655:#if GTEST_HAS_FILE_SYSTEM
        -:  656:// Returns the name of the requested output file, or the default if none
        -:  657:// was explicitly specified.
function _ZN7testing8internal15UnitTestOptions27GetAbsolutePathToOutputFileB5cxx11Ev called 0 returned 0% blocks executed 0%
    #####:  658:std::string UnitTestOptions::GetAbsolutePathToOutputFile() {
    #####:  659:  std::string s = GTEST_FLAG_GET(output);
    %%%%%:  659-block 2
call    0 never executed
    #####:  660:  const char* const gtest_output_flag = s.c_str();
call    0 never executed
branch  1 never executed (fallthrough)
branch  2 never executed (throw)
        -:  661:
    #####:  662:  std::string format = GetOutputFormat();
call    0 never executed
branch  1 never executed (fallthrough)
branch  2 never executed (throw)
    #####:  663:  if (format.empty()) format = std::string(kDefaultOutputFormat);
    %%%%%:  663-block 4
branch  0 never executed (fallthrough)
branch  1 never executed
    %%%%%:  663-block 5
call    2 never executed
branch  3 never executed (fallthrough)
branch  4 never executed (throw)
    %%%%%:  663-block 6
call    5 never executed
call    6 never executed
        -:  664:
    #####:  665:  const char* const colon = strchr(gtest_output_flag, ':');
    #####:  666:  if (colon == nullptr)
    %%%%%:  666-block 9
branch  0 never executed (fallthrough)
branch  1 never executed
    #####:  667:    return internal::FilePath::MakeFileName(
    %%%%%:  667-block 10
call    0 never executed
branch  1 never executed (fallthrough)
branch  2 never executed (throw)
call    3 never executed
    #####:  668:               internal::FilePath(
call    0 never executed
    #####:  669:                   UnitTest::GetInstance()->original_working_dir()),
call    0 never executed
branch  1 never executed (fallthrough)
branch  2 never executed (throw)
call    3 never executed
branch  4 never executed (fallthrough)
branch  5 never executed (throw)
call    6 never executed
    $$$$$:  669-block 68
call    7 never executed
    #####:  670:               internal::FilePath(kDefaultOutputFile), 0, format.c_str())
    %%%%%:  670-block 10
call    0 never executed
branch  1 never executed (fallthrough)
branch  2 never executed (throw)
call    3 never executed
branch  4 never executed (fallthrough)
branch  5 never executed (throw)
call    6 never executed
    #####:  671:        .string();
    %%%%%:  671-block 18
call    0 never executed
branch  1 never executed (fallthrough)
branch  2 never executed (throw)
        -:  672:
    #####:  673:  internal::FilePath output_name(colon + 1);
    %%%%%:  673-block 25
call    0 never executed
branch  1 never executed (fallthrough)
branch  2 never executed (throw)
call    3 never executed
    $$$$$:  673-block 92
call    4 never executed
    #####:  674:  if (!output_name.IsAbsolutePath())
branch  0 never executed (fallthrough)
branch  1 never executed
    #####:  675:    output_name = internal::FilePath::ConcatPaths(
    %%%%%:  675-block 30
call    0 never executed
branch  1 never executed (fallthrough)
branch  2 never executed (throw)
call    3 never executed
    #####:  676:        internal::FilePath(UnitTest::GetInstance()->original_working_dir()),
call    0 never executed
branch  1 never executed (fallthrough)
branch  2 never executed (throw)
call    3 never executed
branch  4 never executed (fallthrough)
branch  5 never executed (throw)
call    6 never executed
call    7 never executed
    $$$$$:  676-block 80
call    8 never executed
    #####:  677:        internal::FilePath(colon + 1));
    %%%%%:  677-block 30
call    0 never executed
branch  1 never executed (fallthrough)
branch  2 never executed (throw)
call    3 never executed
branch  4 never executed (fallthrough)
branch  5 never executed (throw)
    %%%%%:  677-block 40
call    6 never executed
call    7 never executed
        -:  678:
    #####:  679:  if (!output_name.IsDirectory()) return output_name.string();
    %%%%%:  679-block 46
branch  0 never executed (fallthrough)
branch  1 never executed
    %%%%%:  679-block 47
branch  2 never executed (fallthrough)
branch  3 never executed
    %%%%%:  679-block 48
call    4 never executed
branch  5 never executed (fallthrough)
branch  6 never executed (throw)
        -:  680:
    #####:  681:  internal::FilePath result(internal::FilePath::GenerateUniqueFileName(
    #####:  682:      output_name, internal::GetCurrentExecutableName(),
call    0 never executed
    $$$$$:  682-block 86
call    1 never executed
    #####:  683:      GetOutputFormat().c_str()));
    %%%%%:  683-block 49
call    0 never executed
branch  1 never executed (fallthrough)
branch  2 never executed (throw)
    %%%%%:  683-block 50
call    3 never executed
branch  4 never executed (fallthrough)
branch  5 never executed (throw)
    %%%%%:  683-block 51
call    6 never executed
branch  7 never executed (fallthrough)
branch  8 never executed (throw)
    $$$$$:  683-block 90
call    9 never executed
    #####:  684:  return result.string();
call    0 never executed
branch  1 never executed (fallthrough)
branch  2 never executed (throw)
    #####:  685:}
call    0 never executed
        -:  686:#endif  // GTEST_HAS_FILE_SYSTEM
        -:  687:
        -:  688:// Returns true if and only if the wildcard pattern matches the string. Each
        -:  689:// pattern consists of regular characters, single-character wildcards (?), and
        -:  690:// multi-character wildcards (*).
        -:  691://
        -:  692:// This function implements a linear-time string globbing algorithm based on
        -:  693:// https://research.swtch.com/glob.
function _ZN7testing8internalL20PatternMatchesStringERKNSt7__cxx1112basic_stringIcSt11char_traitsIcESaIcEEEPKcSA_ called 57 returned 100% blocks executed 79%
       57:  694:static bool PatternMatchesString(const std::string& name_str,
        -:  695:                                 const char* pattern, const char* pattern_end) {
       57:  696:  const char* name = name_str.c_str();
       57:  696-block 2
       57:  697:  const char* const name_begin = name;
       57:  698:  const char* const name_end = name + name_str.size();
       57:  698-block 2
        -:  699:
       57:  700:  const char* pattern_next = pattern;
       57:  701:  const char* name_next = name;
        -:  702:
     1862:  703:  while (pattern < pattern_end || name < name_end) {
       57:  703-block 2
     1862:  703-block 14
branch  0 taken 1851
branch  1 taken 11 (fallthrough)
     1851:  704:    if (pattern < pattern_end) {
     1851:  704-block 3
branch  0 taken 1414 (fallthrough)
branch  1 taken 437
     1414:  705:      switch (*pattern) {
     1414:  705-block 4
branch  0 taken 494
branch  1 taken 0
branch  2 taken 920
      494:  706:        default:  // Match an ordinary character.
     494*:  707:          if (name < name_end && *name == *pattern) {
      494:  707-block 5
branch  0 taken 470 (fallthrough)
branch  1 taken 24
      470:  707-block 6
branch  2 taken 0 (fallthrough)
branch  3 taken 470
    #####:  708:            ++pattern;
    #####:  709:            ++name;
    #####:  710:            continue;
    %%%%%:  710-block 7
        -:  711:          }
        -:  712:          break;
    #####:  713:        case '?':  // Match any single character.
    #####:  714:          if (name < name_end) {
    %%%%%:  714-block 8
branch  0 never executed (fallthrough)
branch  1 never executed
    #####:  715:            ++pattern;
    #####:  716:            ++name;
    #####:  717:            continue;
    %%%%%:  717-block 9
        -:  718:          }
        -:  719:          break;
      920:  720:        case '*':
        -:  721:          // Match zero or more characters. Start by skipping over the wildcard
        -:  722:          // and matching zero characters from name. If that fails, restart and
        -:  723:          // match one more character than the last attempt.
      920:  724:          pattern_next = pattern;
      920:  725:          name_next = name + 1;
      920:  726:          ++pattern;
      920:  727:          continue;
      920:  727-block 10
        -:  728:      }
        -:  729:    }
        -:  730:    // Failed to match a character. Restart if possible.
      931:  731:    if (name_begin < name_next && name_next <= name_end) {
      931:  731-block 11
branch  0 taken 885 (fallthrough)
branch  1 taken 46
      885:  732:      pattern = pattern_next;
      885:  733:      name = name_next;
      885:  734:      continue;
      885:  734-block 12
        -:  735:    }
        -:  736:    return false;
        -:  737:  }
        -:  738:  return true;
        -:  739:}
        -:  740:
        -:  741:namespace {
        -:  742:
function _ZN7testing8internal12_GLOBAL__N_113IsGlobPatternERKNSt7__cxx1112basic_stringIcSt11char_traitsIcESaIcEEE called 5 returned 100% blocks executed 100%
        5:  743:bool IsGlobPattern(const std::string& pattern) {
        5:  744:  return std::any_of(pattern.begin(), pattern.end(),
       8*:  745:                     [](const char c) { return c == '?' || c == '*'; });
        5:  745-block 3
branch  0 taken 3 (fallthrough)
branch  1 taken 2
        2:  745-block 5
branch  2 taken 0 (fallthrough)
branch  3 taken 2
        2:  745-block 7
branch  4 taken 0 (fallthrough)
branch  5 taken 2
        2:  745-block 9
branch  6 taken 0 (fallthrough)
branch  7 taken 2
    %%%%%:  745-block 14
branch  8 never executed (fallthrough)
branch  9 never executed
        1:  745-block 17
branch 10 taken 0 (fallthrough)
branch 11 taken 1
        2:  745-block 20
branch 12 taken 2 (fallthrough)
branch 13 taken 0
        -:  746:}
        -:  747:
        -:  748:class UnitTestFilter {
        -:  749: public:
        1:  750:  UnitTestFilter() = default;
        -:  751:
        -:  752:  // Constructs a filter from a string of patterns separated by `:`.
function _ZN7testing8internal12_GLOBAL__N_114UnitTestFilterC2ERKNSt7__cxx1112basic_stringIcSt11char_traitsIcESaIcEEE called 3 returned 100% blocks executed 62%
        3:  753:  explicit UnitTestFilter(const std::string& filter) {
        3:  753-block 2
call    0 returned 3
branch  1 taken 3 (fallthrough)
branch  2 taken 0 (throw)
        -:  754:    // By design "" filter matches "" string.
        3:  755:    std::vector<std::string> all_patterns;
        3:  756:    SplitString(filter, ':', &all_patterns);
        3:  756-block 2
call    0 returned 3
branch  1 taken 3 (fallthrough)
branch  2 taken 0 (throw)
        3:  757:    const auto exact_match_patterns_begin = std::partition(
        3:  757-block 3
call    0 returned 3
branch  1 taken 3 (fallthrough)
branch  2 taken 0 (throw)
        -:  758:        all_patterns.begin(), all_patterns.end(), &IsGlobPattern);
        -:  759:
        3:  760:    glob_patterns_.reserve(static_cast<size_t>(
        3:  760-block 4
call    0 returned 3
branch  1 taken 3 (fallthrough)
branch  2 taken 0 (throw)
        3:  761:        std::distance(all_patterns.begin(), exact_match_patterns_begin)));
        3:  761-block 4
call    0 returned 3
branch  1 taken 3 (fallthrough)
branch  2 taken 0 (throw)
        3:  762:    std::move(all_patterns.begin(), exact_match_patterns_begin,
        3:  762-block 5
call    0 returned 3
branch  1 taken 3 (fallthrough)
branch  2 taken 0 (throw)
        3:  763:              std::inserter(glob_patterns_, glob_patterns_.begin()));
        3:  763-block 5
call    0 returned 3
branch  1 taken 3 (fallthrough)
branch  2 taken 0 (throw)
        3:  764:    std::move(
        3:  764-block 7
call    0 returned 3
branch  1 taken 3 (fallthrough)
branch  2 taken 0 (throw)
        -:  765:        exact_match_patterns_begin, all_patterns.end(),
        3:  766:        std::inserter(exact_match_patterns_, exact_match_patterns_.begin()));
        3:  766-block 7
call    0 returned 3
branch  1 taken 3 (fallthrough)
branch  2 taken 0 (throw)
        3:  767:  }
        3:  767-block 9
call    0 returned 3
    $$$$$:  767-block 11
call    1 never executed
    $$$$$:  767-block 13
call    2 never executed
    $$$$$:  767-block 16
call    3 never executed
        -:  768:
        -:  769:  // Returns true if and only if name matches at least one of the patterns in
        -:  770:  // the filter.
function _ZNK7testing8internal12_GLOBAL__N_114UnitTestFilter11MatchesNameERKNSt7__cxx1112basic_stringIcSt11char_traitsIcESaIcEEE called 45 returned 100% blocks executed 83%
       45:  771:  bool MatchesName(const std::string& name) const {
      45*:  772:    return exact_match_patterns_.count(name) > 0 ||
       45:  772-block 2
call    0 returned 45
    %%%%%:  772-block 4
       45:  773:           std::any_of(glob_patterns_.begin(), glob_patterns_.end(),
       45:  773-block 5
branch  0 taken 11 (fallthrough)
branch  1 taken 34
function _ZZNK7testing8internal12_GLOBAL__N_114UnitTestFilter11MatchesNameERKNSt7__cxx1112basic_stringIcSt11char_traitsIcESaIcEEEENKUlSA_E_clESA_ called 57 returned 100% blocks executed 100%
       57:  774:                       [&name](const std::string& pattern) {
       57:  775:                         return PatternMatchesString(
        -:  776:                             name, pattern.c_str(),
       57:  777:                             pattern.c_str() + pattern.size());
       45:  778:                       });
        -:  779:  }
        -:  780:
        -:  781: private:
        -:  782:  std::vector<std::string> glob_patterns_;
        -:  783:  std::unordered_set<std::string> exact_match_patterns_;
        -:  784:};
        -:  785:
       1*:  786:class PositiveAndNegativeUnitTestFilter {
call    0 returned 1
call    1 never executed
call    2 never executed
    $$$$$:  786-block 7
call    3 never executed
call    4 never executed
        -:  787: public:
        -:  788:  // Constructs a positive and a negative filter from a string. The string
        -:  789:  // contains a positive filter optionally followed by a '-' character and a
        -:  790:  // negative filter. In case only a negative filter is provided the positive
        -:  791:  // filter will be assumed "*".
        -:  792:  // A filter is a list of patterns separated by ':'.
function _ZN7testing8internal12_GLOBAL__N_133PositiveAndNegativeUnitTestFilterC2ERKNSt7__cxx1112basic_stringIcSt11char_traitsIcESaIcEEE called 1 returned 100% blocks executed 21%
        1:  793:  explicit PositiveAndNegativeUnitTestFilter(const std::string& filter) {
        1:  793-block 2
call    0 returned 1
branch  1 taken 1 (fallthrough)
branch  2 taken 0 (throw)
        1:  794:    std::vector<std::string> positive_and_negative_filters;
        -:  795:
        -:  796:    // NOTE: `SplitString` always returns a non-empty container.
        1:  797:    SplitString(filter, '-', &positive_and_negative_filters);
        1:  797-block 2
call    0 returned 1
branch  1 taken 1 (fallthrough)
branch  2 taken 0 (throw)
        1:  798:    const auto& positive_filter = positive_and_negative_filters.front();
        1:  798-block 3
branch  0 taken 0 (fallthrough)
branch  1 taken 1
        -:  799:
        1:  800:    if (positive_and_negative_filters.size() > 1) {
        1:  800-block 3
branch  0 taken 0 (fallthrough)
branch  1 taken 1
    #####:  801:      positive_filter_ = UnitTestFilter(
    %%%%%:  801-block 4
branch  0 never executed (fallthrough)
branch  1 never executed
call    2 never executed
call    3 never executed
    #####:  802:          positive_filter.empty() ? kUniversalFilter : positive_filter);
    %%%%%:  802-block 4
branch  0 never executed (fallthrough)
branch  1 never executed
    %%%%%:  802-block 5
call    2 never executed
branch  3 never executed (fallthrough)
branch  4 never executed (throw)
    %%%%%:  802-block 6
call    5 never executed
branch  6 never executed (fallthrough)
branch  7 never executed (throw)
    %%%%%:  802-block 7
call    8 never executed
branch  9 never executed (fallthrough)
branch 10 never executed (throw)
    %%%%%:  802-block 8
call   11 never executed
        -:  803:
        -:  804:      // TODO(b/214626361): Fail on multiple '-' characters
        -:  805:      // For the moment to preserve old behavior we concatenate the rest of the
        -:  806:      // string parts with `-` as separator to generate the negative filter.
    #####:  807:      auto negative_filter_string = positive_and_negative_filters[1];
call    0 never executed
branch  1 never executed (fallthrough)
branch  2 never executed (throw)
    #####:  808:      for (std::size_t i = 2; i < positive_and_negative_filters.size(); i++)
    %%%%%:  808-block 20
branch  0 never executed
branch  1 never executed (fallthrough)
    #####:  809:        negative_filter_string =
    %%%%%:  809-block 13
call    0 never executed
branch  1 never executed (fallthrough)
branch  2 never executed (throw)
    #####:  810:            negative_filter_string + '-' + positive_and_negative_filters[i];
    %%%%%:  810-block 13
call    0 never executed
branch  1 never executed (fallthrough)
branch  2 never executed (throw)
call    3 never executed
call    4 never executed
call    5 never executed
    #####:  811:      negative_filter_ = UnitTestFilter(negative_filter_string);
    %%%%%:  811-block 21
call    0 never executed
branch  1 never executed (fallthrough)
branch  2 never executed (throw)
    %%%%%:  811-block 22
call    3 never executed
call    4 never executed
call    5 never executed
    $$$$$:  811-block 36
call    6 never executed
    #####:  812:    } else {
        -:  813:      // In case we don't have a negative filter and positive filter is ""
        -:  814:      // we do not use kUniversalFilter by design as opposed to when we have a
        -:  815:      // negative filter.
        1:  816:      positive_filter_ = UnitTestFilter(positive_filter);
        1:  816-block 26
call    0 returned 1
branch  1 taken 1 (fallthrough)
branch  2 taken 0 (throw)
        1:  816-block 27
call    3 returned 1
call    4 returned 1
        -:  817:    }
        1:  818:  }
        1:  818-block 30
call    0 returned 1
    $$$$$:  818-block 38
call    1 never executed
    $$$$$:  818-block 40
call    2 never executed
    $$$$$:  818-block 42
call    3 never executed
        -:  819:
        -:  820:  // Returns true if and only if test name (this is generated by appending test
        -:  821:  // suit name and test name via a '.' character) matches the positive filter
        -:  822:  // and does not match the negative filter.
function _ZNK7testing8internal12_GLOBAL__N_133PositiveAndNegativeUnitTestFilter11MatchesTestERKNSt7__cxx1112basic_stringIcSt11char_traitsIcESaIcEEESA_ called 11 returned 100% blocks executed 89%
       11:  823:  bool MatchesTest(const std::string& test_suite_name,
        -:  824:                   const std::string& test_name) const {
       22:  825:    return MatchesName(test_suite_name + "." + test_name);
       11:  825-block 2
call    0 returned 11
call    1 returned 11
call    2 returned 11
call    3 returned 11
        -:  826:  }
        -:  827:
        -:  828:  // Returns true if and only if name matches the positive filter and does not
        -:  829:  // match the negative filter.
function _ZNK7testing8internal12_GLOBAL__N_133PositiveAndNegativeUnitTestFilter11MatchesNameERKNSt7__cxx1112basic_stringIcSt11char_traitsIcESaIcEEE called 11 returned 100% blocks executed 83%
       11:  830:  bool MatchesName(const std::string& name) const {
       22:  831:    return positive_filter_.MatchesName(name) &&
       11:  831-block 2
call    0 returned 11
branch  1 taken 11 (fallthrough)
branch  2 taken 0
branch  3 taken 0 (fallthrough)
branch  4 taken 11
       11:  832:           !negative_filter_.MatchesName(name);
       11:  832-block 4
call    0 returned 11
        -:  833:  }
        -:  834:
        -:  835: private:
        -:  836:  UnitTestFilter positive_filter_;
        -:  837:  UnitTestFilter negative_filter_;
        -:  838:};
        -:  839:}  // namespace
        -:  840:
function _ZN7testing8internal15UnitTestOptions13MatchesFilterERKNSt7__cxx1112basic_stringIcSt11char_traitsIcESaIcEEEPKc called 0 returned 0% blocks executed 0%
    #####:  841:bool UnitTestOptions::MatchesFilter(const std::string& name_str,
        -:  842:                                    const char* filter) {
    #####:  843:  return UnitTestFilter(filter).MatchesName(name_str);
    %%%%%:  843-block 2
call    0 never executed
call    1 never executed
branch  2 never executed (fallthrough)
branch  3 never executed (throw)
    %%%%%:  843-block 4
call    4 never executed
call    5 never executed
call    6 never executed
        -:  844:}
        -:  845:
        -:  846:// Returns true if and only if the user-specified filter matches the test
        -:  847:// suite name and the test name.
function _ZN7testing8internal15UnitTestOptions17FilterMatchesTestERKNSt7__cxx1112basic_stringIcSt11char_traitsIcESaIcEEES9_ called 0 returned 0% blocks executed 0%
    #####:  848:bool UnitTestOptions::FilterMatchesTest(const std::string& test_suite_name,
        -:  849:                                        const std::string& test_name) {
        -:  850:  // Split --gtest_filter at '-', if there is one, to separate into
        -:  851:  // positive filter and negative filter portions
    #####:  852:  return PositiveAndNegativeUnitTestFilter(GTEST_FLAG_GET(filter))
    %%%%%:  852-block 2
call    0 never executed
    #####:  853:      .MatchesTest(test_suite_name, test_name);
call    0 never executed
branch  1 never executed (fallthrough)
branch  2 never executed (throw)
    %%%%%:  853-block 4
call    3 never executed
        -:  854:}
        -:  855:
        -:  856:#if GTEST_HAS_SEH
        -:  857:// Returns EXCEPTION_EXECUTE_HANDLER if Google Test should handle the
        -:  858:// given SEH exception, or EXCEPTION_CONTINUE_SEARCH otherwise.
        -:  859:// This function is useful as an __except condition.
        -:  860:int UnitTestOptions::GTestShouldProcessSEH(DWORD exception_code) {
        -:  861:  // Google Test should handle a SEH exception if:
        -:  862:  //   1. the user wants it to, AND
        -:  863:  //   2. this is not a breakpoint exception, AND
        -:  864:  //   3. this is not a C++ exception (VC++ implements them via SEH,
        -:  865:  //      apparently).
        -:  866:  //
        -:  867:  // SEH exception code for C++ exceptions.
        -:  868:  // (see http://support.microsoft.com/kb/185294 for more information).
        -:  869:  const DWORD kCxxExceptionCode = 0xe06d7363;
        -:  870:
        -:  871:  bool should_handle = true;
        -:  872:
        -:  873:  if (!GTEST_FLAG_GET(catch_exceptions))
        -:  874:    should_handle = false;
        -:  875:  else if (exception_code == EXCEPTION_BREAKPOINT)
        -:  876:    should_handle = false;
        -:  877:  else if (exception_code == kCxxExceptionCode)
        -:  878:    should_handle = false;
        -:  879:
        -:  880:  return should_handle ? EXCEPTION_EXECUTE_HANDLER : EXCEPTION_CONTINUE_SEARCH;
        -:  881:}
        -:  882:#endif  // GTEST_HAS_SEH
        -:  883:
        -:  884:}  // namespace internal
        -:  885:
        -:  886:// The c'tor sets this object as the test part result reporter used by
        -:  887:// Google Test.  The 'result' parameter specifies where to report the
        -:  888:// results. Intercepts only failures from the current thread.
function _ZN7testing32ScopedFakeTestPartResultReporterC2EPNS_19TestPartResultArrayE called 0 returned 0% blocks executed 0%
    #####:  889:ScopedFakeTestPartResultReporter::ScopedFakeTestPartResultReporter(
    #####:  890:    TestPartResultArray* result)
    #####:  891:    : intercept_mode_(INTERCEPT_ONLY_CURRENT_THREAD), result_(result) {
    %%%%%:  891-block 2
call    0 never executed
    #####:  892:  Init();
    %%%%%:  892-block 2
call    0 never executed
    #####:  893:}
        -:  894:
        -:  895:// The c'tor sets this object as the test part result reporter used by
        -:  896:// Google Test.  The 'result' parameter specifies where to report the
        -:  897:// results.
function _ZN7testing32ScopedFakeTestPartResultReporterC2ENS0_13InterceptModeEPNS_19TestPartResultArrayE called 0 returned 0% blocks executed 0%
    #####:  898:ScopedFakeTestPartResultReporter::ScopedFakeTestPartResultReporter(
    #####:  899:    InterceptMode intercept_mode, TestPartResultArray* result)
    #####:  900:    : intercept_mode_(intercept_mode), result_(result) {
    %%%%%:  900-block 2
call    0 never executed
    #####:  901:  Init();
    %%%%%:  901-block 2
call    0 never executed
    #####:  902:}
        -:  903:
function _ZN7testing32ScopedFakeTestPartResultReporter4InitEv called 0 returned 0% blocks executed 0%
    #####:  904:void ScopedFakeTestPartResultReporter::Init() {
    #####:  905:  internal::UnitTestImpl* const impl = internal::GetUnitTestImpl();
    %%%%%:  905-block 2
call    0 never executed
    #####:  906:  if (intercept_mode_ == INTERCEPT_ALL_THREADS) {
branch  0 never executed (fallthrough)
branch  1 never executed
    #####:  907:    old_reporter_ = impl->GetGlobalTestPartResultReporter();
    #####:  908:    impl->SetGlobalTestPartResultReporter(this);
        -:  909:  } else {
    #####:  910:    old_reporter_ = impl->GetTestPartResultReporterForCurrentThread();
    #####:  911:    impl->SetTestPartResultReporterForCurrentThread(this);
        -:  912:  }
    #####:  913:}
        -:  914:
        -:  915:// The d'tor restores the test part result reporter used by Google Test
        -:  916:// before.
    #####:  917:ScopedFakeTestPartResultReporter::~ScopedFakeTestPartResultReporter() {
    #####:  918:  internal::UnitTestImpl* const impl = internal::GetUnitTestImpl();
    #####:  919:  if (intercept_mode_ == INTERCEPT_ALL_THREADS) {
    #####:  920:    impl->SetGlobalTestPartResultReporter(old_reporter_);
        -:  921:  } else {
    #####:  922:    impl->SetTestPartResultReporterForCurrentThread(old_reporter_);
        -:  923:  }
    #####:  924:}
------------------
_ZN7testing32ScopedFakeTestPartResultReporterD0Ev:
function _ZN7testing32ScopedFakeTestPartResultReporterD0Ev called 0 returned 0% blocks executed 0%
    #####:  917:ScopedFakeTestPartResultReporter::~ScopedFakeTestPartResultReporter() {
        -:  918:  internal::UnitTestImpl* const impl = internal::GetUnitTestImpl();
        -:  919:  if (intercept_mode_ == INTERCEPT_ALL_THREADS) {
        -:  920:    impl->SetGlobalTestPartResultReporter(old_reporter_);
        -:  921:  } else {
        -:  922:    impl->SetTestPartResultReporterForCurrentThread(old_reporter_);
        -:  923:  }
    #####:  924:}
    %%%%%:  924-block 2
call    0 never executed
call    1 never executed
------------------
_ZN7testing32ScopedFakeTestPartResultReporterD2Ev:
function _ZN7testing32ScopedFakeTestPartResultReporterD2Ev called 0 returned 0% blocks executed 0%
    #####:  917:ScopedFakeTestPartResultReporter::~ScopedFakeTestPartResultReporter() {
    #####:  918:  internal::UnitTestImpl* const impl = internal::GetUnitTestImpl();
    %%%%%:  918-block 2
call    0 never executed
    #####:  919:  if (intercept_mode_ == INTERCEPT_ALL_THREADS) {
branch  0 never executed (fallthrough)
branch  1 never executed
    #####:  920:    impl->SetGlobalTestPartResultReporter(old_reporter_);
        -:  921:  } else {
    #####:  922:    impl->SetTestPartResultReporterForCurrentThread(old_reporter_);
        -:  923:  }
    #####:  924:}
------------------
        -:  925:
        -:  926:// Increments the test part result count and remembers the result.
        -:  927:// This method is from the TestPartResultReporterInterface interface.
function _ZN7testing32ScopedFakeTestPartResultReporter20ReportTestPartResultERKNS_14TestPartResultE called 0 returned 0% blocks executed 0%
    #####:  928:void ScopedFakeTestPartResultReporter::ReportTestPartResult(
        -:  929:    const TestPartResult& result) {
    #####:  930:  result_->Append(result);
    %%%%%:  930-block 2
call    0 never executed
    #####:  931:}
        -:  932:
        -:  933:namespace internal {
        -:  934:
        -:  935:// Returns the type ID of ::testing::Test.  We should always call this
        -:  936:// instead of GetTypeId< ::testing::Test>() to get the type ID of
        -:  937:// testing::Test.  This is to work around a suspected linker bug when
        -:  938:// using Google Test as a framework on Mac OS X.  The bug causes
        -:  939:// GetTypeId< ::testing::Test>() to return different values depending
        -:  940:// on whether the call is from the Google Test framework itself or
        -:  941:// from user test code.  GetTestTypeId() is guaranteed to always
        -:  942:// return the same value, as it always calls GetTypeId<>() from the
        -:  943:// gtest.cc, which is within the Google Test framework.
function _ZN7testing8internal13GetTestTypeIdEv called 11 returned 100% blocks executed 100%
      11*:  944:TypeId GetTestTypeId() { return GetTypeId<Test>(); }
        -:  945:
        -:  946:// The value of GetTestTypeId() as seen from within the Google Test
        -:  947:// library.  This is solely for testing GetTestTypeId().
        -:  948:extern const TypeId kTestTypeIdInGoogleTest = GetTestTypeId();
        -:  949:
        -:  950:// This predicate-formatter checks that 'results' contains a test part
        -:  951:// failure of the given type and that the failure message contains the
[...]
        1: 6613:    if (ParseGoogleTestFlag(arg)) {
        1: 6613-block 4
call    0 returned 1
branch  1 taken 1 (fallthrough)
branch  2 taken 0 (throw)
        1: 6613-block 5
branch  3 taken 0 (fallthrough)
branch  4 taken 1
        -: 6614:      remove_flag = true;
        -: 6615:#if GTEST_USE_OWN_FLAGFILE_FLAG_ && GTEST_HAS_FILE_SYSTEM
    #####: 6616:    } else if (ParseFlag(arg, "flagfile", &flagfile_value)) {
    %%%%%: 6616-block 6
call    0 never executed
branch  1 never executed (fallthrough)
branch  2 never executed (throw)
    %%%%%: 6616-block 7
branch  3 never executed (fallthrough)
branch  4 never executed
    #####: 6617:      GTEST_FLAG_SET(flagfile, flagfile_value);
    #####: 6618:      LoadFlagsFromFile(flagfile_value);
    %%%%%: 6618-block 10
call    0 never executed
branch  1 never executed (fallthrough)
branch  2 never executed (throw)
        -: 6619:      remove_flag = true;
        -: 6620:#endif  // GTEST_USE_OWN_FLAGFILE_FLAG_ && GTEST_HAS_FILE_SYSTEM
    #####: 6621:    } else if (arg_string == "--help" || HasGoogleTestFlagPrefix(arg)) {
    %%%%%: 6621-block 12
branch  0 never executed (fallthrough)
branch  1 never executed
    %%%%%: 6621-block 13
branch  2 never executed (fallthrough)
branch  3 never executed
        -: 6622:      // Both help flag and unrecognized Google Test flags (excluding
        -: 6623:      // internal ones) trigger help display.
    #####: 6624:      g_help_flag = true;
    %%%%%: 6624-block 15
        -: 6625:    }
        -: 6626:
        -: 6627:    if (remove_flag) {
        -: 6628:      // Shift the remainder of the argv list left by one.  Note
        -: 6629:      // that argv has (*argc + 1) elements, the last one always being
        -: 6630:      // NULL.  The following loop moves the trailing NULL element as
        -: 6631:      // well.
        2: 6632:      for (int j = i; j != *argc; j++) {
        2: 6632-block 17
branch  0 taken 1
branch  1 taken 1 (fallthrough)
        1: 6633:        argv[j] = argv[j + 1];
        1: 6633-block 16
        -: 6634:      }
        -: 6635:
        -: 6636:      // Decrements the argument count.
        1: 6637:      (*argc)--;
        -: 6638:
        -: 6639:      // We also need to decrement the iterator as we just removed
        -: 6640:      // an element.
        1: 6641:      i--;
        1: 6641-block 18
        -: 6642:    }
        -: 6643:  }
        -: 6644:
        1: 6645:  if (g_help_flag) {
        1: 6645-block 22
branch  0 taken 0 (fallthrough)
branch  1 taken 1
        -: 6646:    // We print the help here instead of in RUN_ALL_TESTS(), as the
        -: 6647:    // latter may not be called at all if the user is using Google
        -: 6648:    // Test with another testing framework.
    #####: 6649:    PrintColorEncoded(kColorEncodedHelpMessage);
    %%%%%: 6649-block 23
call    0 never executed
branch  1 never executed (fallthrough)
branch  2 never executed (throw)
        -: 6650:  }
        1: 6651:}
------------------
        -: 6652:
        -: 6653:// Parses the command line for Google Test flags, without initializing
        -: 6654:// other parts of Google Test.
function _ZN7testing8internal24ParseGoogleTestFlagsOnlyEPiPPc called 0 returned 0% blocks executed 0%
       1*: 6655:void ParseGoogleTestFlagsOnly(int* argc, char** argv) {
        -: 6656:#if GTEST_HAS_ABSL
        -: 6657:  if (*argc > 0) {
        -: 6658:    // absl::ParseCommandLine() requires *argc > 0.
        -: 6659:    auto positional_args = absl::flags_internal::ParseCommandLineImpl(
        -: 6660:        *argc, argv, absl::flags_internal::ArgvListAction::kRemoveParsedArgs,
        -: 6661:        absl::flags_internal::UsageFlagsAction::kHandleUsage,
        -: 6662:        absl::flags_internal::OnUndefinedFlag::kReportUndefined);
        -: 6663:    // Any command-line positional arguments not part of any command-line flag
        -: 6664:    // (or arguments to a flag) are copied back out to argv, with the program
        -: 6665:    // invocation name at position 0, and argc is resized. This includes
        -: 6666:    // positional arguments after the flag-terminating delimiter '--'.
        -: 6667:    // See https://abseil.io/docs/cpp/guides/flags.
        -: 6668:    std::copy(positional_args.begin(), positional_args.end(), argv);
        -: 6669:    if (static_cast<int>(positional_args.size()) < *argc) {
        -: 6670:      argv[positional_args.size()] = nullptr;
        -: 6671:      *argc = static_cast<int>(positional_args.size());
        -: 6672:    }
        -: 6673:  }
        -: 6674:#else
       1*: 6675:  ParseGoogleTestFlagsOnlyImpl(argc, argv);
        1: 6675-block 12
call    0 returned 1
    %%%%%: 6675-block 2
call    1 never executed
        -: 6676:#endif
        -: 6677:
        -: 6678:  // Fix the value of *_NSGetArgc() on macOS, but if and only if
        -: 6679:  // *_NSGetArgv() == argv
        -: 6680:  // Only applicable to char** version of argv
        -: 6681:#if GTEST_OS_MAC
        -: 6682:#ifndef GTEST_OS_IOS
        -: 6683:  if (*_NSGetArgv() == argv) {
        -: 6684:    *_NSGetArgc() = *argc;
        -: 6685:  }
        -: 6686:#endif
        -: 6687:#endif
    #####: 6688:}
function _ZN7testing8internal24ParseGoogleTestFlagsOnlyEPiPPw called 0 returned 0% blocks executed 0%
    #####: 6689:void ParseGoogleTestFlagsOnly(int* argc, wchar_t** argv) {
    #####: 6690:  ParseGoogleTestFlagsOnlyImpl(argc, argv);
    %%%%%: 6690-block 12
call    0 never executed
    %%%%%: 6690-block 2
call    1 never executed
    #####: 6691:}
        -: 6692:
        -: 6693:// The internal implementation of InitGoogleTest().
        -: 6694://
        -: 6695:// The type parameter CharType can be instantiated to either char or
        -: 6696:// wchar_t.
        -: 6697:template <typename CharType>
       1*: 6698:void InitGoogleTestImpl(int* argc, CharType** argv) {
        -: 6699:  // We don't want to run the initialization code twice.
       1*: 6700:  if (GTestIsInitialized()) return;
        -: 6701:
       1*: 6702:  if (*argc <= 0) return;
        -: 6703:
       1*: 6704:  g_argvs.clear();
       3*: 6705:  for (int i = 0; i != *argc; i++) {
       4*: 6706:    g_argvs.push_back(StreamableToString(argv[i]));
        -: 6707:  }
        -: 6708:
        -: 6709:#if GTEST_HAS_ABSL
        -: 6710:  absl::InitializeSymbolizer(g_argvs[0].c_str());
        -: 6711:
        -: 6712:  // When using the Abseil Flags library, set the program usage message to the
        -: 6713:  // help message, but remove the color-encoding from the message first.
        -: 6714:  absl::SetProgramUsageMessage(absl::StrReplaceAll(
        -: 6715:      kColorEncodedHelpMessage,
        -: 6716:      {{"@D", ""}, {"@R", ""}, {"@G", ""}, {"@Y", ""}, {"@@", "@"}}));
        -: 6717:#endif  // GTEST_HAS_ABSL
        -: 6718:
       1*: 6719:  ParseGoogleTestFlagsOnly(argc, argv);
       1*: 6720:  GetUnitTestImpl()->PostFlagParsingInit();
        -: 6721:}
------------------
_ZN7testing8internal18InitGoogleTestImplIwEEvPiPPT_:
function _ZN7testing8internal18InitGoogleTestImplIwEEvPiPPT_ called 0 returned 0% blocks executed 0%
    #####: 6698:void InitGoogleTestImpl(int* argc, CharType** argv) {
        -: 6699:  // We don't want to run the initialization code twice.
    #####: 6700:  if (GTestIsInitialized()) return;
    %%%%%: 6700-block 2
call    0 never executed
branch  1 never executed (fallthrough)
branch  2 never executed
        -: 6701:
    #####: 6702:  if (*argc <= 0) return;
    %%%%%: 6702-block 4
branch  0 never executed (fallthrough)
branch  1 never executed
        -: 6703:
    #####: 6704:  g_argvs.clear();
    #####: 6705:  for (int i = 0; i != *argc; i++) {
    %%%%%: 6705-block 5
call    0 never executed
    %%%%%: 6705-block 11
branch  1 never executed
branch  2 never executed (fallthrough)
    #####: 6706:    g_argvs.push_back(StreamableToString(argv[i]));
    %%%%%: 6706-block 7
call    0 never executed
    %%%%%: 6706-block 9
call    1 never executed
        -: 6707:  }
        -: 6708:
        -: 6709:#if GTEST_HAS_ABSL
        -: 6710:  absl::InitializeSymbolizer(g_argvs[0].c_str());
        -: 6711:
        -: 6712:  // When using the Abseil Flags library, set the program usage message to the
        -: 6713:  // help message, but remove the color-encoding from the message first.
        -: 6714:  absl::SetProgramUsageMessage(absl::StrReplaceAll(
        -: 6715:      kColorEncodedHelpMessage,
        -: 6716:      {{"@D", ""}, {"@R", ""}, {"@G", ""}, {"@Y", ""}, {"@@", "@"}}));
        -: 6717:#endif  // GTEST_HAS_ABSL
        -: 6718:
    #####: 6719:  ParseGoogleTestFlagsOnly(argc, argv);
call    0 never executed
    #####: 6720:  GetUnitTestImpl()->PostFlagParsingInit();
call    0 never executed
        -: 6721:}
------------------
_ZN7testing8internal18InitGoogleTestImplIcEEvPiPPT_:
function _ZN7testing8internal18InitGoogleTestImplIcEEvPiPPT_ called 1 returned 100% blocks executed 94%
        1: 6698:void InitGoogleTestImpl(int* argc, CharType** argv) {
        -: 6699:  // We don't want to run the initialization code twice.
        1: 6700:  if (GTestIsInitialized()) return;
        1: 6700-block 2
call    0 returned 1
branch  1 taken 1 (fallthrough)
branch  2 taken 0
        -: 6701:
        1: 6702:  if (*argc <= 0) return;
        1: 6702-block 4
branch  0 taken 1 (fallthrough)
branch  1 taken 0
        -: 6703:
        1: 6704:  g_argvs.clear();
        3: 6705:  for (int i = 0; i != *argc; i++) {
        1: 6705-block 5
call    0 returned 1
        3: 6705-block 11
branch  1 taken 2
branch  2 taken 1 (fallthrough)
        4: 6706:    g_argvs.push_back(StreamableToString(argv[i]));
        2: 6706-block 7
call    0 returned 2
        2: 6706-block 9
call    1 returned 2
        -: 6707:  }
        -: 6708:
        -: 6709:#if GTEST_HAS_ABSL
        -: 6710:  absl::InitializeSymbolizer(g_argvs[0].c_str());
        -: 6711:
        -: 6712:  // When using the Abseil Flags library, set the program usage message to the
        -: 6713:  // help message, but remove the color-encoding from the message first.
        -: 6714:  absl::SetProgramUsageMessage(absl::StrReplaceAll(
        -: 6715:      kColorEncodedHelpMessage,
        -: 6716:      {{"@D", ""}, {"@R", ""}, {"@G", ""}, {"@Y", ""}, {"@@", "@"}}));
        -: 6717:#endif  // GTEST_HAS_ABSL
        -: 6718:
        1: 6719:  ParseGoogleTestFlagsOnly(argc, argv);
call    0 returned 1
        1: 6720:  GetUnitTestImpl()->PostFlagParsingInit();
call    0 returned 1
        -: 6721:}
------------------
        -: 6722:
        -: 6723:}  // namespace internal
        -: 6724:
        -: 6725:// Initializes Google Test.  This must be called before calling
        -: 6726:// RUN_ALL_TESTS().  In particular, it parses a command line for the
        -: 6727:// flags that Google Test recognizes.  Whenever a Google Test flag is
        -: 6728:// seen, it is removed from argv, and *argc is decremented.
        -: 6729://
        -: 6730:// No value is returned.  Instead, the Google Test flag variables are
        -: 6731:// updated.
        -: 6732://
        -: 6733:// Calling the function for the second time has no user-visible effect.
function _ZN7testing14InitGoogleTestEPiPPc called 1 returned 100% blocks executed 100%
        1: 6734:void InitGoogleTest(int* argc, char** argv) {
        -: 6735:#if defined(GTEST_CUSTOM_INIT_GOOGLE_TEST_FUNCTION_)
        -: 6736:  GTEST_CUSTOM_INIT_GOOGLE_TEST_FUNCTION_(argc, argv);
        -: 6737:#else   // defined(GTEST_CUSTOM_INIT_GOOGLE_TEST_FUNCTION_)
        1: 6738:  internal::InitGoogleTestImpl(argc, argv);
        1: 6738-block 2
call    0 returned 1
        -: 6739:#endif  // defined(GTEST_CUSTOM_INIT_GOOGLE_TEST_FUNCTION_)
        1: 6740:}
        -: 6741:
        -: 6742:// This overloaded version can be used in Windows programs compiled in
        -: 6743:// UNICODE mode.
function _ZN7testing14InitGoogleTestEPiPPw called 0 returned 0% blocks executed 0%
    #####: 6744:void InitGoogleTest(int* argc, wchar_t** argv) {
        -: 6745:#if defined(GTEST_CUSTOM_INIT_GOOGLE_TEST_FUNCTION_)
        -: 6746:  GTEST_CUSTOM_INIT_GOOGLE_TEST_FUNCTION_(argc, argv);
        -: 6747:#else   // defined(GTEST_CUSTOM_INIT_GOOGLE_TEST_FUNCTION_)
    #####: 6748:  internal::InitGoogleTestImpl(argc, argv);
    %%%%%: 6748-block 2
call    0 never executed
        -: 6749:#endif  // defined(GTEST_CUSTOM_INIT_GOOGLE_TEST_FUNCTION_)
    #####: 6750:}
        -: 6751:
        -: 6752:// This overloaded version can be used on Arduino/embedded platforms where
        -: 6753:// there is no argc/argv.
function _ZN7testing14InitGoogleTestEv called 0 returned 0% blocks executed 0%
    #####: 6754:void InitGoogleTest() {
        -: 6755:  // Since Arduino doesn't have a command line, fake out the argc/argv arguments
    #####: 6756:  int argc = 1;
    #####: 6757:  const auto arg0 = "dummy";
    #####: 6758:  char* argv0 = const_cast<char*>(arg0);
    #####: 6759:  char** argv = &argv0;
        -: 6760:
        -: 6761:#if defined(GTEST_CUSTOM_INIT_GOOGLE_TEST_FUNCTION_)
        -: 6762:  GTEST_CUSTOM_INIT_GOOGLE_TEST_FUNCTION_(&argc, argv);
        -: 6763:#else   // defined(GTEST_CUSTOM_INIT_GOOGLE_TEST_FUNCTION_)
    #####: 6764:  internal::InitGoogleTestImpl(&argc, argv);
    %%%%%: 6764-block 2
call    0 never executed
        -: 6765:#endif  // defined(GTEST_CUSTOM_INIT_GOOGLE_TEST_FUNCTION_)
    #####: 6766:}
        -: 6767:
        -: 6768:#if !defined(GTEST_CUSTOM_TEMPDIR_FUNCTION_) || \
        -: 6769:    !defined(GTEST_CUSTOM_SRCDIR_FUNCTION_)
        -: 6770:// Returns the value of the first environment variable that is set and contains
        -: 6771:// a non-empty string. If there are none, returns the "fallback" string. Adds
        -: 6772:// the director-separator character as a suffix if not provided in the
        -: 6773:// environment variable value.
function _ZN7testingL13GetDirFromEnvESt16initializer_listIPKcES2_c called 0 returned 0% blocks executed 0%
    #####: 6774:static std::string GetDirFromEnv(
        -: 6775:    std::initializer_list<const char*> environment_variables,
        -: 6776:    const char* fallback, char separator) {
    #####: 6777:  for (const char* variable_name : environment_variables) {
    %%%%%: 6777-block 2
    %%%%%: 6777-block 14
    %%%%%: 6777-block 15
branch  0 never executed
branch  1 never executed (fallthrough)
    #####: 6778:    const char* value = internal::posix::GetEnv(variable_name);
    %%%%%: 6778-block 3
call    0 never executed
    #####: 6779:    if (value != nullptr && value[0] != '\0') {
branch  0 never executed (fallthrough)
branch  1 never executed
    %%%%%: 6779-block 5
branch  2 never executed (fallthrough)
branch  3 never executed
    #####: 6780:      if (value[strlen(value) - 1] != separator) {
    %%%%%: 6780-block 6
branch  0 never executed (fallthrough)
branch  1 never executed
    #####: 6781:        return std::string(value).append(1, separator);
    %%%%%: 6781-block 7
call    0 never executed
call    1 never executed
branch  2 never executed (fallthrough)
branch  3 never executed (throw)
    %%%%%: 6781-block 9
call    4 never executed
branch  5 never executed (fallthrough)
branch  6 never executed (throw)
        -: 6782:      }
    #####: 6783:      return value;
    %%%%%: 6783-block 12
call    0 never executed
        -: 6784:    }
        -: 6785:  }
    #####: 6786:  return fallback;
    %%%%%: 6786-block 16
call    0 never executed
        -: 6787:}
        -: 6788:#endif
        -: 6789:
function _ZN7testing7TempDirB5cxx11Ev called 0 returned 0% blocks executed 0%
    #####: 6790:std::string TempDir() {
        -: 6791:#if defined(GTEST_CUSTOM_TEMPDIR_FUNCTION_)
        -: 6792:  return GTEST_CUSTOM_TEMPDIR_FUNCTION_();
        -: 6793:#elif GTEST_OS_WINDOWS || GTEST_OS_WINDOWS_MOBILE
    #####: 6794:  return GetDirFromEnv({"TEST_TMPDIR", "TEMP"}, "\\temp\\", '\\');
    %%%%%: 6794-block 2
call    0 never executed
        -: 6795:#elif GTEST_OS_LINUX_ANDROID
        -: 6796:  return GetDirFromEnv({"TEST_TMPDIR", "TMPDIR"}, "/data/local/tmp/", '/');
        -: 6797:#else
        -: 6798:  return GetDirFromEnv({"TEST_TMPDIR", "TMPDIR"}, "/tmp/", '/');
        -: 6799:#endif
        -: 6800:}
        -: 6801:
        -: 6802:#if !defined(GTEST_CUSTOM_SRCDIR_FUNCTION_)
        -: 6803:// Returns the directory path (including terminating separator) of the current
        -: 6804:// executable as derived from argv[0].
function _ZN7testingL29GetCurrentExecutableDirectoryEv called 0 returned 0% blocks executed 0%
    #####: 6805:static std::string GetCurrentExecutableDirectory() {
    #####: 6806:  internal::FilePath argv_0(internal::GetArgvs()[0]);
    %%%%%: 6806-block 2
call    0 never executed
call    1 never executed
branch  2 never executed (fallthrough)
branch  3 never executed (throw)
call    4 never executed
    $$$$$: 6806-block 11
call    5 never executed
    #####: 6807:  return argv_0.RemoveFileName().string();
call    0 never executed
branch  1 never executed (fallthrough)
branch  2 never executed (throw)
    %%%%%: 6807-block 7
call    3 never executed
branch  4 never executed (fallthrough)
branch  5 never executed (throw)
call    6 never executed
    $$$$$: 6807-block 15
call    7 never executed
    #####: 6808:}
        -: 6809:#endif
        -: 6810:
function _ZN7testing6SrcDirB5cxx11Ev called 0 returned 0% blocks executed 0%
    #####: 6811:std::string SrcDir() {
        -: 6812:#if defined(GTEST_CUSTOM_SRCDIR_FUNCTION_)
        -: 6813:  return GTEST_CUSTOM_SRCDIR_FUNCTION_();
        -: 6814:#elif GTEST_OS_WINDOWS || GTEST_OS_WINDOWS_MOBILE
    #####: 6815:  return GetDirFromEnv({"TEST_SRCDIR"}, GetCurrentExecutableDirectory().c_str(),
    %%%%%: 6815-block 2
call    0 never executed
    #####: 6816:                       '\\');
call    0 never executed
branch  1 never executed (fallthrough)
branch  2 never executed (throw)
    %%%%%: 6816-block 4
call    3 never executed
    $$$$$: 6816-block 6
call    4 never executed
        -: 6817:#elif GTEST_OS_LINUX_ANDROID
        -: 6818:  return GetDirFromEnv({"TEST_SRCDIR"}, GetCurrentExecutableDirectory().c_str(),
        -: 6819:                       '/');
        -: 6820:#else
        -: 6821:  return GetDirFromEnv({"TEST_SRCDIR"}, GetCurrentExecutableDirectory().c_str(),
        -: 6822:                       '/');
        -: 6823:#endif
        -: 6824:}
        -: 6825:
        -: 6826:// Class ScopedTrace
        -: 6827:
        -: 6828:// Pushes the given source file location and message onto a per-thread
        -: 6829:// trace stack maintained by Google Test.
function _ZN7testing11ScopedTrace9PushTraceEPKciNSt7__cxx1112basic_stringIcSt11char_traitsIcESaIcEEE called 0 returned 0% blocks executed 0%
    #####: 6830:void ScopedTrace::PushTrace(const char* file, int line, std::string message) {
    #####: 6831:  internal::TraceInfo trace;
    %%%%%: 6831-block 2
call    0 never executed
    #####: 6832:  trace.file = file;
    #####: 6833:  trace.line = line;
    #####: 6834:  trace.message.swap(message);
    %%%%%: 6834-block 2
call    0 never executed
        -: 6835:
    #####: 6836:  UnitTest::GetInstance()->PushGTestTrace(trace);
call    0 never executed
branch  1 never executed (fallthrough)
branch  2 never executed (throw)
    %%%%%: 6836-block 4
call    3 never executed
branch  4 never executed (fallthrough)
branch  5 never executed (throw)
    #####: 6837:}
        -: 6838:
        -: 6839:// Pops the info pushed by the c'tor.
function _ZN7testing11ScopedTraceD2Ev called 0 returned 0% blocks executed 0%
    #####: 6840:ScopedTrace::~ScopedTrace() GTEST_LOCK_EXCLUDED_(&UnitTest::mutex_) {
    #####: 6841:  UnitTest::GetInstance()->PopGTestTrace();
    %%%%%: 6841-block 2
call    0 never executed
call    1 never executed
    #####: 6842:}
        -: 6843:
        -: 6844:}  // namespace testing
