        -:    0:Source:C:/Users/esipo/CLionProjects/OOP/lab2/HTML_Decode/cmake-build-debug-coverage/_deps/googletest-src/googletest/src/gtest-assertion-result.cc
        -:    0:Graph:C:\Users\esipo\CLionProjects\OOP\lab2\HTML_Decode\cmake-build-debug-coverage\_deps\googletest-build\googletest\CMakeFiles\gtest.dir\src\gtest-all.cc.gcno
        -:    0:Data:C:\Users\esipo\CLionProjects\OOP\lab2\HTML_Decode\cmake-build-debug-coverage\_deps\googletest-build\googletest\CMakeFiles\gtest.dir\src\gtest-all.cc.gcda
        -:    0:Runs:1
        -:    1:// Copyright 2005, Google Inc.
        -:    2:// All rights reserved.
        -:    3://
        -:    4:// Redistribution and use in source and binary forms, with or without
        -:    5:// modification, are permitted provided that the following conditions are
        -:    6:// met:
        -:    7://
        -:    8://     * Redistributions of source code must retain the above copyright
        -:    9:// notice, this list of conditions and the following disclaimer.
        -:   10://     * Redistributions in binary form must reproduce the above
        -:   11:// copyright notice, this list of conditions and the following disclaimer
        -:   12:// in the documentation and/or other materials provided with the
        -:   13:// distribution.
        -:   14://     * Neither the name of Google Inc. nor the names of its
        -:   15:// contributors may be used to endorse or promote products derived from
        -:   16:// this software without specific prior written permission.
        -:   17://
        -:   18:// THIS SOFTWARE IS PROVIDED BY THE COPYRIGHT HOLDERS AND CONTRIBUTORS
        -:   19:// "AS IS" AND ANY EXPRESS OR IMPLIED WARRANTIES, INCLUDING, BUT NOT
        -:   20:// LIMITED TO, THE IMPLIED WARRANTIES OF MERCHANTABILITY AND FITNESS FOR
        -:   21:// A PARTICULAR PURPOSE ARE DISCLAIMED. IN NO EVENT SHALL THE COPYRIGHT
        -:   22:// OWNER OR CONTRIBUTORS BE LIABLE FOR ANY DIRECT, INDIRECT, INCIDENTAL,
        -:   23:// SPECIAL, EXEMPLARY, OR CONSEQUENTIAL DAMAGES (INCLUDING, BUT NOT
        -:   24:// LIMITED TO, PROCUREMENT OF SUBSTITUTE GOODS OR SERVICES; LOSS OF USE,
        -:   25:// DATA, OR PROFITS; OR BUSINESS INTERRUPTION) HOWEVER CAUSED AND ON ANY
        -:   26:// THEORY OF LIABILITY, WHETHER IN CONTRACT, STRICT LIABILITY, OR TORT
        -:   27:// (INCLUDING NEGLIGENCE OR OTHERWISE) ARISING IN ANY WAY OUT OF THE USE
        -:   28:// OF THIS SOFTWARE, EVEN IF ADVISED OF THE POSSIBILITY OF SUCH DAMAGE.
        -:   29:
        -:   30:// The Google C++ Testing and Mocking Framework (Google Test)
        -:   31://
        -:   32:// This file defines the AssertionResult type.
        -:   33:
        -:   34:#include "gtest/gtest-assertion-result.h"
        -:   35:
        -:   36:#include <string>
        -:   37:#include <utility>
        -:   38:
        -:   39:#include "gtest/gtest-message.h"
        -:   40:
        -:   41:namespace testing {
        -:   42:
        -:   43:// AssertionResult constructors.
        -:   44:// Used in EXPECT_TRUE/FALSE(assertion_result).
function _ZN7testing15AssertionResultC2ERKS0_ called 0 returned 0% blocks executed 0%
    #####:   45:AssertionResult::AssertionResult(const AssertionResult& other)
    #####:   46:    : success_(other.success_),
    #####:   47:      message_(other.message_.get() != nullptr
    %%%%%:   47-block 2
branch  0 never executed (fallthrough)
branch  1 never executed
    #####:   48:                   ? new ::std::string(*other.message_)
    %%%%%:   48-block 3
call    0 never executed
call    1 never executed
branch  2 never executed (fallthrough)
branch  3 never executed (throw)
    $$$$$:   48-block 6
call    4 never executed
    #####:   49:                   : static_cast< ::std::string*>(nullptr)) {}
    %%%%%:   49-block 5
        -:   50:
        -:   51:// Swaps two AssertionResults.
function _ZN7testing15AssertionResult4swapERS0_ called 0 returned 0% blocks executed 0%
    #####:   52:void AssertionResult::swap(AssertionResult& other) {
    #####:   53:  using std::swap;
    #####:   54:  swap(success_, other.success_);
    #####:   55:  swap(message_, other.message_);
    #####:   56:}
        -:   57:
        -:   58:// Returns the assertion's negation. Used with EXPECT/ASSERT_FALSE.
function _ZNK7testing15AssertionResultntEv called 0 returned 0% blocks executed 0%
    #####:   59:AssertionResult AssertionResult::operator!() const {
    #####:   60:  AssertionResult negation(!success_);
    %%%%%:   60-block 2
branch  0 never executed (fallthrough)
branch  1 never executed
    #####:   61:  if (message_.get() != nullptr) negation << *message_;
    %%%%%:   61-block 2
branch  0 never executed (fallthrough)
branch  1 never executed
    %%%%%:   61-block 3
call    2 never executed
branch  3 never executed (fallthrough)
branch  4 never executed (throw)
    #####:   62:  return negation;
    %%%%%:   62-block 4
    =====:   63:}
        -:   64:
        -:   65:// Makes a successful assertion result.
function _ZN7testing16AssertionSuccessEv called 11 returned 100% blocks executed 100%
    #####:   66:AssertionResult AssertionSuccess() { return AssertionResult(true); }
    %%%%%:   66-block 3
    %%%%%:   66-block 3
    %%%%%:   66-block 4
    %%%%%:   66-block 3
    %%%%%:   66-block 3
    %%%%%:   66-block 5
    %%%%%:   66-block 3
    %%%%%:   66-block 5
    %%%%%:   66-block 4
    %%%%%:   66-block 4
    %%%%%:   66-block 3
    %%%%%:   66-block 3
    %%%%%:   66-block 4
    %%%%%:   66-block 3
    %%%%%:   66-block 4
    %%%%%:   66-block 3
    %%%%%:   66-block 3
    %%%%%:   66-block 45
        -:   67:
        -:   68:// Makes a failed assertion result.
function _ZN7testing16AssertionFailureEv called 0 returned 0% blocks executed 0%
    #####:   69:AssertionResult AssertionFailure() { return AssertionResult(false); }
    %%%%%:   69-block 4
call    0 never executed
branch  1 never executed (fallthrough)
branch  2 never executed (throw)
    %%%%%:   69-block 4
call    3 never executed
branch  4 never executed (fallthrough)
branch  5 never executed (throw)
    %%%%%:   69-block 5
call    6 never executed
branch  7 never executed (fallthrough)
branch  8 never executed (throw)
    %%%%%:   69-block 4
call    9 never executed
branch 10 never executed (fallthrough)
branch 11 never executed (throw)
    %%%%%:   69-block 10
call   12 never executed
branch 13 never executed (fallthrough)
branch 14 never executed (throw)
    %%%%%:   69-block 10
call   15 never executed
branch 16 never executed (fallthrough)
branch 17 never executed (throw)
    %%%%%:   69-block 5
call   18 never executed
branch 19 never executed (fallthrough)
branch 20 never executed (throw)
call   21 never executed
branch 22 never executed (fallthrough)
branch 23 never executed (throw)
    %%%%%:   69-block 5
call   24 never executed
branch 25 never executed (fallthrough)
branch 26 never executed (throw)
    %%%%%:   69-block 4
call   27 never executed
branch 28 never executed (fallthrough)
branch 29 never executed (throw)
    %%%%%:   69-block 8
call   30 never executed
branch 31 never executed (fallthrough)
branch 32 never executed (throw)
    %%%%%:   69-block 9
call   33 never executed
branch 34 never executed (fallthrough)
branch 35 never executed (throw)
    %%%%%:   69-block 35
call   36 never executed
branch 37 never executed (fallthrough)
branch 38 never executed (throw)
    %%%%%:   69-block 20
call   39 never executed
branch 40 never executed (fallthrough)
branch 41 never executed (throw)
    %%%%%:   69-block 26
call   42 never executed
branch 43 never executed (fallthrough)
branch 44 never executed (throw)
    %%%%%:   69-block 35
call   45 never executed
branch 46 never executed (fallthrough)
branch 47 never executed (throw)
        -:   70:
        -:   71:// Makes a failed assertion result with the given failure message.
        -:   72:// Deprecated; use AssertionFailure() << message.
function _ZN7testing16AssertionFailureERKNS_7MessageE called 0 returned 0% blocks executed 0%
    #####:   73:AssertionResult AssertionFailure(const Message& message) {
    #####:   74:  return AssertionFailure() << message;
    %%%%%:   74-block 2
call    0 never executed
branch  1 never executed (fallthrough)
branch  2 never executed (throw)
    %%%%%:   74-block 3
call    3 never executed
branch  4 never executed (fallthrough)
branch  5 never executed (throw)
        -:   75:}
        -:   76:
        -:   77:}  // namespace testing
